#
# There is insufficient memory for the Java Runtime Environment to continue.
# Native memory allocation (malloc) failed to allocate 1801552 bytes. Error detail: Chunk::new
# Possible reasons:
#   The system is out of physical RAM or swap space
#   This process is running with CompressedOops enabled, and the Java Heap may be blocking the growth of the native heap
# Possible solutions:
#   Reduce memory load on the system
#   Increase physical memory or swap space
#   Check if swap backing store is full
#   Decrease Java heap size (-Xmx/-Xms)
#   Decrease number of Java threads
#   Decrease Java thread stack sizes (-Xss)
#   Set larger code cache with -XX:ReservedCodeCacheSize=
#   JVM is running with Unscaled Compressed Oops mode in which the Java heap is
#     placed in the first 4GB address space. The Java Heap base address is the
#     maximum limit for the native heap growth. Please use -XX:HeapBaseMinAddress
#     to set the Java Heap base and to place the Java Heap above 4GB virtual address.
# This output file may be truncated or incomplete.
#
#  Out of Memory Error (arena.cpp:150), pid=3828, tid=11256
#
# JRE version: Java(TM) SE Runtime Environment (22.0.1+8) (build 22.0.1+8-16)
# Java VM: Java HotSpot(TM) 64-Bit Server VM (22.0.1+8-16, mixed mode, sharing, tiered, compressed oops, compressed class ptrs, g1 gc, windows-amd64)
# No core dump will be written. Minidumps are not enabled by default on client versions of Windows
#

---------------  S U M M A R Y ------------

Command Line: -XX:MaxMetaspaceSize=512m --add-opens=java.base/java.util=ALL-UNNAMED --add-opens=java.base/java.lang=ALL-UNNAMED --add-opens=java.base/java.lang.invoke=ALL-UNNAMED --add-opens=java.prefs/java.util.prefs=ALL-UNNAMED --add-opens=java.base/java.nio.charset=ALL-UNNAMED --add-opens=java.base/java.net=ALL-UNNAMED --add-opens=java.base/java.util.concurrent.atomic=ALL-UNNAMED -Xmx2048m -Dfile.encoding=utf8 -Duser.country=IN -Duser.language=en -Duser.variant -javaagent:C:\Users\hp\.gradle\wrapper\dists\gradle-8.8-all\6gdy1pgp427xkqcjbxw3ylt6h\gradle-8.8\lib\agents\gradle-instrumentation-agent-8.8.jar org.gradle.launcher.daemon.bootstrap.GradleDaemon 8.8

Host: 11th Gen Intel(R) Core(TM) i5-1135G7 @ 2.40GHz, 8 cores, 7G,  Windows 10 , 64 bit Build 21996 (10.0.21996.1)
Time: Sun Sep 22 13:43:05 2024 India Standard Time elapsed time: 11.401445 seconds (0d 0h 0m 11s)

---------------  T H R E A D  ---------------

Current thread (0x000001325a8ed990):  JavaThread "C2 CompilerThread1" daemon [_thread_in_native, id=11256, stack(0x0000001405400000,0x0000001405500000) (1024K)]


Current CompileTask:
C2:11401 7511       4       org.objectweb.asm.signature.SignatureReader::parseType (411 bytes)

Stack: [0x0000001405400000,0x0000001405500000]
Native frames: (J=compiled Java code, j=interpreted, Vv=VM code, C=native code)
V  [jvm.dll+0x6e2279]  (no source info available)
V  [jvm.dll+0x874e33]  (no source info available)
V  [jvm.dll+0x87725e]  (no source info available)
V  [jvm.dll+0x877933]  (no source info available)
V  [jvm.dll+0x27fd76]  (no source info available)
V  [jvm.dll+0xc3d0f]  (no source info available)
V  [jvm.dll+0xc3f6b]  (no source info available)
V  [jvm.dll+0x3bb10c]  (no source info available)
V  [jvm.dll+0x387b6b]  (no source info available)
V  [jvm.dll+0x386fda]  (no source info available)
V  [jvm.dll+0x247918]  (no source info available)
V  [jvm.dll+0x246fbf]  (no source info available)
V  [jvm.dll+0x1c4e90]  (no source info available)
V  [jvm.dll+0x2569fe]  (no source info available)
V  [jvm.dll+0x254cba]  (no source info available)
V  [jvm.dll+0x3f5336]  (no source info available)
V  [jvm.dll+0x81d44b]  (no source info available)
V  [jvm.dll+0x6e0915]  (no source info available)
C  [ucrtbase.dll+0x26c0c]  (no source info available)
C  [KERNEL32.DLL+0x154e0]  (no source info available)
C  [ntdll.dll+0x485b]  (no source info available)


---------------  P R O C E S S  ---------------

Threads class SMR info:
_java_thread_list=0x0000013258a5f950, length=44, elements={
0x0000013217bf10e0, 0x0000013236542850, 0x0000013236545770, 0x000001323654b840,
0x0000013236551600, 0x0000013236551c90, 0x0000013236550250, 0x000001323655e140,
0x0000013236566c20, 0x00000132365508e0, 0x000001323654e810, 0x000001323654f530,
0x0000013236550f70, 0x000001323654fbc0, 0x0000013257834290, 0x0000013257836360,
0x0000013257835cd0, 0x0000013257832ee0, 0x0000013257835640, 0x0000013257834920,
0x0000013257833570, 0x0000013257834fb0, 0x0000013257d07d70, 0x0000013257d069c0,
0x0000013257d01470, 0x0000013257d01b00, 0x0000013257d02190, 0x0000013257d076e0,
0x0000013257d05610, 0x0000013257d02820, 0x0000013257d08400, 0x0000013257d02eb0,
0x0000013257d08a90, 0x0000013257d03bd0, 0x0000013257d04f80, 0x0000013257d06330,
0x00000132584e7480, 0x00000132584e4d20, 0x00000132584e3970, 0x00000132584e7b10,
0x00000132584e5a40, 0x00000132584e0b80, 0x000001325a8ed990, 0x000001325a8ee730
}

Java Threads: ( => current thread )
  0x0000013217bf10e0 JavaThread "main"                              [_thread_blocked, id=11052, stack(0x0000001404300000,0x0000001404400000) (1024K)]
  0x0000013236542850 JavaThread "Reference Handler"          daemon [_thread_blocked, id=9960, stack(0x0000001404b00000,0x0000001404c00000) (1024K)]
  0x0000013236545770 JavaThread "Finalizer"                  daemon [_thread_blocked, id=12280, stack(0x0000001404c00000,0x0000001404d00000) (1024K)]
  0x000001323654b840 JavaThread "Signal Dispatcher"          daemon [_thread_blocked, id=3680, stack(0x0000001404d00000,0x0000001404e00000) (1024K)]
  0x0000013236551600 JavaThread "Attach Listener"            daemon [_thread_blocked, id=3740, stack(0x0000001404e00000,0x0000001404f00000) (1024K)]
  0x0000013236551c90 JavaThread "Service Thread"             daemon [_thread_blocked, id=8656, stack(0x0000001404f00000,0x0000001405000000) (1024K)]
  0x0000013236550250 JavaThread "Monitor Deflation Thread"   daemon [_thread_blocked, id=5524, stack(0x0000001405000000,0x0000001405100000) (1024K)]
  0x000001323655e140 JavaThread "C2 CompilerThread0"         daemon [_thread_in_native, id=5384, stack(0x0000001405100000,0x0000001405200000) (1024K)]
  0x0000013236566c20 JavaThread "C1 CompilerThread0"         daemon [_thread_blocked, id=2460, stack(0x0000001405200000,0x0000001405300000) (1024K)]
  0x00000132365508e0 JavaThread "Common-Cleaner"             daemon [_thread_blocked, id=1304, stack(0x0000001405300000,0x0000001405400000) (1024K)]
  0x000001323654e810 JavaThread "Notification Thread"        daemon [_thread_blocked, id=4112, stack(0x0000001405500000,0x0000001405600000) (1024K)]
  0x000001323654f530 JavaThread "Daemon health stats"               [_thread_blocked, id=9332, stack(0x0000001405b00000,0x0000001405c00000) (1024K)]
  0x0000013236550f70 JavaThread "Incoming local TCP Connector on port 50646"        [_thread_in_native, id=5312, stack(0x0000001405c00000,0x0000001405d00000) (1024K)]
  0x000001323654fbc0 JavaThread "Daemon periodic checks"            [_thread_blocked, id=4880, stack(0x0000001405d00000,0x0000001405e00000) (1024K)]
  0x0000013257834290 JavaThread "Daemon"                            [_thread_blocked, id=10404, stack(0x0000001405e00000,0x0000001405f00000) (1024K)]
  0x0000013257836360 JavaThread "Handler for socket connection from /127.0.0.1:50646 to /127.0.0.1:50647"        [_thread_in_native, id=10452, stack(0x0000001405f00000,0x0000001406000000) (1024K)]
  0x0000013257835cd0 JavaThread "Cancel handler"                    [_thread_blocked, id=2444, stack(0x0000001406000000,0x0000001406100000) (1024K)]
  0x0000013257832ee0 JavaThread "Daemon worker"                     [_thread_in_native, id=5624, stack(0x0000001406100000,0x0000001406200000) (1024K)]
  0x0000013257835640 JavaThread "Asynchronous log dispatcher for DefaultDaemonConnection: socket connection from /127.0.0.1:50646 to /127.0.0.1:50647"        [_thread_blocked, id=9108, stack(0x0000001406200000,0x0000001406300000) (1024K)]
  0x0000013257834920 JavaThread "Stdin handler"                     [_thread_blocked, id=2484, stack(0x0000001406300000,0x0000001406400000) (1024K)]
  0x0000013257833570 JavaThread "Daemon client event forwarder"        [_thread_blocked, id=9936, stack(0x0000001406400000,0x0000001406500000) (1024K)]
  0x0000013257834fb0 JavaThread "Cache worker for journal cache (C:\Users\hp\.gradle\caches\journal-1)"        [_thread_blocked, id=5828, stack(0x0000001405a00000,0x0000001405b00000) (1024K)]
  0x0000013257d07d70 JavaThread "File lock request listener"        [_thread_in_native, id=9748, stack(0x0000001406500000,0x0000001406600000) (1024K)]
  0x0000013257d069c0 JavaThread "Cache worker for file hash cache (C:\Users\hp\.gradle\caches\8.8\fileHashes)"        [_thread_blocked, id=132, stack(0x0000001406600000,0x0000001406700000) (1024K)]
  0x0000013257d01470 JavaThread "Cache worker for file hash cache (D:\vtrack\android\.gradle\8.8\fileHashes)"        [_thread_blocked, id=7976, stack(0x0000001406b00000,0x0000001406c00000) (1024K)]
  0x0000013257d01b00 JavaThread "File watcher server"        daemon [_thread_in_native, id=3924, stack(0x0000001406d00000,0x0000001406e00000) (1024K)]
  0x0000013257d02190 JavaThread "File watcher consumer"      daemon [_thread_blocked, id=10872, stack(0x0000001406e00000,0x0000001406f00000) (1024K)]
  0x0000013257d076e0 JavaThread "jar transforms"                    [_thread_blocked, id=4888, stack(0x0000001406f00000,0x0000001407000000) (1024K)]
  0x0000013257d05610 JavaThread "jar transforms Thread 2"           [_thread_blocked, id=4816, stack(0x0000001407000000,0x0000001407100000) (1024K)]
  0x0000013257d02820 JavaThread "jar transforms Thread 3"           [_thread_blocked, id=4132, stack(0x0000001407100000,0x0000001407200000) (1024K)]
  0x0000013257d08400 JavaThread "Cache worker for checksums cache (D:\vtrack\android\.gradle\8.8\checksums)"        [_thread_blocked, id=11284, stack(0x0000001407200000,0x0000001407300000) (1024K)]
  0x0000013257d02eb0 JavaThread "Cache worker for file content cache (C:\Users\hp\.gradle\caches\8.8\fileContent)"        [_thread_blocked, id=3304, stack(0x0000001407300000,0x0000001407400000) (1024K)]
  0x0000013257d08a90 JavaThread "Cache worker for cache directory md-rule (C:\Users\hp\.gradle\caches\8.8\md-rule)"        [_thread_blocked, id=3412, stack(0x0000001407400000,0x0000001407500000) (1024K)]
  0x0000013257d03bd0 JavaThread "Cache worker for cache directory md-supplier (C:\Users\hp\.gradle\caches\8.8\md-supplier)"        [_thread_blocked, id=6304, stack(0x0000001407500000,0x0000001407600000) (1024K)]
  0x0000013257d04f80 JavaThread "jar transforms Thread 4"           [_thread_blocked, id=8596, stack(0x0000001407600000,0x0000001407700000) (1024K)]
  0x0000013257d06330 JavaThread "jar transforms Thread 5"           [_thread_blocked, id=8784, stack(0x0000001406a00000,0x0000001406b00000) (1024K)]
  0x00000132584e7480 JavaThread "jar transforms Thread 6"           [_thread_blocked, id=4500, stack(0x0000001407800000,0x0000001407900000) (1024K)]
  0x00000132584e4d20 JavaThread "jar transforms Thread 7"           [_thread_blocked, id=11884, stack(0x0000001407900000,0x0000001407a00000) (1024K)]
  0x00000132584e3970 JavaThread "jar transforms Thread 8"           [_thread_blocked, id=6180, stack(0x0000001407a00000,0x0000001407b00000) (1024K)]
  0x00000132584e7b10 JavaThread "Exec process"                      [_thread_blocked, id=4944, stack(0x0000001407b00000,0x0000001407c00000) (1024K)]
  0x00000132584e5a40 JavaThread "Exec process Thread 2"             [_thread_blocked, id=5000, stack(0x0000001407c00000,0x0000001407d00000) (1024K)]
  0x00000132584e0b80 JavaThread "Exec process Thread 3"             [_thread_blocked, id=6028, stack(0x0000001407d00000,0x0000001407e00000) (1024K)]
=>0x000001325a8ed990 JavaThread "C2 CompilerThread1"         daemon [_thread_in_native, id=11256, stack(0x0000001405400000,0x0000001405500000) (1024K)]
  0x000001325a8ee730 JavaThread "C2 CompilerThread2"         daemon [_thread_in_native, id=11324, stack(0x0000001407700000,0x0000001407800000) (1024K)]
Total: 44

Other Threads:
  0x0000013236528c50 VMThread "VM Thread"                           [id=12020, stack(0x0000001404a00000,0x0000001404b00000) (1024K)]
  0x00000132365132f0 WatcherThread "VM Periodic Task Thread"        [id=2416, stack(0x0000001404900000,0x0000001404a00000) (1024K)]
  0x0000013219d04a10 WorkerThread "GC Thread#0"                     [id=6744, stack(0x0000001404400000,0x0000001404500000) (1024K)]
  0x000001325653a190 WorkerThread "GC Thread#1"                     [id=1456, stack(0x0000001405600000,0x0000001405700000) (1024K)]
  0x00000132568a5430 WorkerThread "GC Thread#2"                     [id=4284, stack(0x0000001405700000,0x0000001405800000) (1024K)]
  0x00000132568a57e0 WorkerThread "GC Thread#3"                     [id=7416, stack(0x0000001405800000,0x0000001405900000) (1024K)]
  0x0000013256a68b80 WorkerThread "GC Thread#4"                     [id=9044, stack(0x0000001405900000,0x0000001405a00000) (1024K)]
  0x0000013257ca6220 WorkerThread "GC Thread#5"                     [id=1856, stack(0x0000001406700000,0x0000001406800000) (1024K)]
  0x0000013257c36040 WorkerThread "GC Thread#6"                     [id=9328, stack(0x0000001406800000,0x0000001406900000) (1024K)]
  0x0000013257ef2ed0 WorkerThread "GC Thread#7"                     [id=5856, stack(0x0000001406900000,0x0000001406a00000) (1024K)]
  0x0000013219d15a00 ConcurrentGCThread "G1 Main Marker"            [id=2192, stack(0x0000001404500000,0x0000001404600000) (1024K)]
  0x0000013219d166c0 WorkerThread "G1 Conc#0"                       [id=1884, stack(0x0000001404600000,0x0000001404700000) (1024K)]
  0x0000013258ac18b0 WorkerThread "G1 Conc#1"                       [id=2056, stack(0x0000001406c00000,0x0000001406d00000) (1024K)]
  0x00000132363e34e0 ConcurrentGCThread "G1 Refine#0"               [id=7540, stack(0x0000001404700000,0x0000001404800000) (1024K)]
  0x0000013219d7d120 ConcurrentGCThread "G1 Service"                [id=9740, stack(0x0000001404800000,0x0000001404900000) (1024K)]
Total: 15

Threads with active compile tasks:
C2 CompilerThread0  11479 7448       4       org.objectweb.asm.ClassReader::readCode (5117 bytes)
C2 CompilerThread1  11479 7511       4       org.objectweb.asm.signature.SignatureReader::parseType (411 bytes)
C2 CompilerThread2  11479 7560       4       org.objectweb.asm.ClassReader::createLabel (21 bytes)
Total: 3

VM state: not at safepoint (normal execution)

VM Mutex/Monitor currently owned by a thread: None

Heap address: 0x0000000080000000, size: 2048 MB, Compressed Oops mode: 32-bit

CDS archive(s) mapped at: [0x0000013237000000-0x0000013237c60000-0x0000013237c60000), size 12976128, SharedBaseAddress: 0x0000013237000000, ArchiveRelocationMode: 1.
Compressed class space mapped at: 0x0000013238000000-0x0000013252000000, reserved size: 436207616
Narrow klass base: 0x0000013237000000, Narrow klass shift: 0, Narrow klass range: 0x1b000000

GC Precious Log:
 CardTable entry size: 512
 Card Set container configuration: InlinePtr #cards 5 size 8 Array Of Cards #cards 12 size 40 Howl #buckets 4 coarsen threshold 1843 Howl Bitmap #cards 512 size 80 coarsen threshold 460 Card regions per heap region 1 cards per card region 2048
 CPUs: 8 total, 8 available
 Memory: 7932M
 Large Page Support: Disabled
 NUMA Support: Disabled
 Compressed Oops: Enabled (32-bit)
 Heap Region Size: 1M
 Heap Min Capacity: 8M
 Heap Initial Capacity: 124M
 Heap Max Capacity: 2G
 Pre-touch: Disabled
 Parallel Workers: 8
 Concurrent Workers: 2
 Concurrent Refinement Workers: 8
 Periodic GC: Disabled

Heap:
 garbage-first heap   total reserved 2097152K, committed 152576K, used 67470K [0x0000000080000000, 0x0000000100000000)
  region size 1024K, 19 young (19456K), 6 survivors (6144K)
 Metaspace       used 49016K, committed 50496K, reserved 491520K
  class space    used 6971K, committed 7680K, reserved 425984K

Heap Regions: E=young(eden), S=young(survivor), O=old, HS=humongous(starts), HC=humongous(continues), CS=collection set, F=free, TAMS=top-at-mark-start, PB=parsable bottom
|   0|0x0000000080000000, 0x0000000080100000, 0x0000000080100000|100%|HS|  |TAMS 0x0000000080000000| PB 0x0000000080000000| Complete |  0
|   1|0x0000000080100000, 0x0000000080200000, 0x0000000080200000|100%|HC|  |TAMS 0x0000000080100000| PB 0x0000000080100000| Complete |  0
|   2|0x0000000080200000, 0x0000000080300000, 0x0000000080300000|100%|HC|  |TAMS 0x0000000080200000| PB 0x0000000080200000| Complete |  0
|   3|0x0000000080300000, 0x0000000080400000, 0x0000000080400000|100%|HC|  |TAMS 0x0000000080300000| PB 0x0000000080300000| Complete |  0
|   4|0x0000000080400000, 0x0000000080500000, 0x0000000080500000|100%| O|  |TAMS 0x0000000080400000| PB 0x0000000080400000| Untracked |  0
|   5|0x0000000080500000, 0x0000000080600000, 0x0000000080600000|100%| O|  |TAMS 0x0000000080500000| PB 0x0000000080500000| Untracked |  0
|   6|0x0000000080600000, 0x0000000080700000, 0x0000000080700000|100%| O|  |TAMS 0x0000000080600000| PB 0x0000000080600000| Untracked |  0
|   7|0x0000000080700000, 0x0000000080800000, 0x0000000080800000|100%| O|  |TAMS 0x0000000080700000| PB 0x0000000080700000| Untracked |  0
|   8|0x0000000080800000, 0x0000000080900000, 0x0000000080900000|100%| O|  |TAMS 0x0000000080800000| PB 0x0000000080800000| Untracked |  0
|   9|0x0000000080900000, 0x0000000080a00000, 0x0000000080a00000|100%|HS|  |TAMS 0x0000000080900000| PB 0x0000000080900000| Complete |  0
|  10|0x0000000080a00000, 0x0000000080b00000, 0x0000000080b00000|100%| O|  |TAMS 0x0000000080a00000| PB 0x0000000080a00000| Untracked |  0
|  11|0x0000000080b00000, 0x0000000080c00000, 0x0000000080c00000|100%| O|  |TAMS 0x0000000080b00000| PB 0x0000000080b00000| Untracked |  0
|  12|0x0000000080c00000, 0x0000000080d00000, 0x0000000080d00000|100%| O|  |TAMS 0x0000000080c00000| PB 0x0000000080c00000| Untracked |  0
|  13|0x0000000080d00000, 0x0000000080e00000, 0x0000000080e00000|100%| O|  |TAMS 0x0000000080d00000| PB 0x0000000080d00000| Untracked |  0
|  14|0x0000000080e00000, 0x0000000080f00000, 0x0000000080f00000|100%| O|  |TAMS 0x0000000080e00000| PB 0x0000000080e00000| Untracked |  0
|  15|0x0000000080f00000, 0x0000000081000000, 0x0000000081000000|100%| O|  |TAMS 0x0000000080f00000| PB 0x0000000080f00000| Untracked |  0
|  16|0x0000000081000000, 0x0000000081100000, 0x0000000081100000|100%| O|  |TAMS 0x0000000081000000| PB 0x0000000081000000| Untracked |  0
|  17|0x0000000081100000, 0x0000000081200000, 0x0000000081200000|100%| O|  |TAMS 0x0000000081100000| PB 0x0000000081100000| Untracked |  0
|  18|0x0000000081200000, 0x0000000081300000, 0x0000000081300000|100%| O|  |TAMS 0x0000000081200000| PB 0x0000000081200000| Untracked |  0
|  19|0x0000000081300000, 0x0000000081400000, 0x0000000081400000|100%| O|  |TAMS 0x0000000081300000| PB 0x0000000081300000| Untracked |  0
|  20|0x0000000081400000, 0x0000000081500000, 0x0000000081500000|100%| O|  |TAMS 0x0000000081400000| PB 0x0000000081400000| Untracked |  0
|  21|0x0000000081500000, 0x0000000081600000, 0x0000000081600000|100%| O|  |TAMS 0x0000000081500000| PB 0x0000000081500000| Untracked |  0
|  22|0x0000000081600000, 0x0000000081700000, 0x0000000081700000|100%| O|  |TAMS 0x0000000081600000| PB 0x0000000081600000| Untracked |  0
|  23|0x0000000081700000, 0x0000000081800000, 0x0000000081800000|100%| O|  |TAMS 0x0000000081700000| PB 0x0000000081700000| Untracked |  0
|  24|0x0000000081800000, 0x0000000081900000, 0x0000000081900000|100%| O|  |TAMS 0x0000000081800000| PB 0x0000000081800000| Untracked |  0
|  25|0x0000000081900000, 0x0000000081a00000, 0x0000000081a00000|100%| O|  |TAMS 0x0000000081900000| PB 0x0000000081900000| Untracked |  0
|  26|0x0000000081a00000, 0x0000000081b00000, 0x0000000081b00000|100%| O|  |TAMS 0x0000000081a00000| PB 0x0000000081a00000| Untracked |  0
|  27|0x0000000081b00000, 0x0000000081c00000, 0x0000000081c00000|100%| O|  |TAMS 0x0000000081b00000| PB 0x0000000081b00000| Untracked |  0
|  28|0x0000000081c00000, 0x0000000081d00000, 0x0000000081d00000|100%| O|  |TAMS 0x0000000081c00000| PB 0x0000000081c00000| Untracked |  0
|  29|0x0000000081d00000, 0x0000000081e00000, 0x0000000081e00000|100%| O|  |TAMS 0x0000000081d00000| PB 0x0000000081d00000| Untracked |  0
|  30|0x0000000081e00000, 0x0000000081f00000, 0x0000000081f00000|100%| O|  |TAMS 0x0000000081e00000| PB 0x0000000081e00000| Untracked |  0
|  31|0x0000000081f00000, 0x0000000082000000, 0x0000000082000000|100%| O|  |TAMS 0x0000000081f00000| PB 0x0000000081f00000| Untracked |  0
|  32|0x0000000082000000, 0x0000000082100000, 0x0000000082100000|100%| O|  |TAMS 0x0000000082000000| PB 0x0000000082000000| Untracked |  0
|  33|0x0000000082100000, 0x0000000082200000, 0x0000000082200000|100%| O|  |TAMS 0x0000000082100000| PB 0x0000000082100000| Untracked |  0
|  34|0x0000000082200000, 0x0000000082300000, 0x0000000082300000|100%| O|  |TAMS 0x0000000082200000| PB 0x0000000082200000| Untracked |  0
|  35|0x0000000082300000, 0x0000000082400000, 0x0000000082400000|100%| O|  |TAMS 0x0000000082300000| PB 0x0000000082300000| Untracked |  0
|  36|0x0000000082400000, 0x0000000082500000, 0x0000000082500000|100%| O|  |TAMS 0x0000000082400000| PB 0x0000000082400000| Untracked |  0
|  37|0x0000000082500000, 0x0000000082600000, 0x0000000082600000|100%| O|  |TAMS 0x0000000082500000| PB 0x0000000082500000| Untracked |  0
|  38|0x0000000082600000, 0x0000000082700000, 0x0000000082700000|100%| O|  |TAMS 0x0000000082600000| PB 0x0000000082600000| Untracked |  0
|  39|0x0000000082700000, 0x0000000082800000, 0x0000000082800000|100%| O|  |TAMS 0x0000000082700000| PB 0x0000000082700000| Untracked |  0
|  40|0x0000000082800000, 0x0000000082900000, 0x0000000082900000|100%| O|  |TAMS 0x0000000082800000| PB 0x0000000082800000| Untracked |  0
|  41|0x0000000082900000, 0x00000000829a4b18, 0x0000000082a00000| 64%| O|  |TAMS 0x0000000082900000| PB 0x0000000082900000| Untracked |  0
|  42|0x0000000082a00000, 0x0000000082a00000, 0x0000000082b00000|  0%| F|  |TAMS 0x0000000082a00000| PB 0x0000000082a00000| Untracked |  0
|  43|0x0000000082b00000, 0x0000000082c00000, 0x0000000082c00000|100%| O|  |TAMS 0x0000000082b00000| PB 0x0000000082b00000| Untracked |  0
|  44|0x0000000082c00000, 0x0000000082d00000, 0x0000000082d00000|100%| O|  |TAMS 0x0000000082c00000| PB 0x0000000082c00000| Untracked |  0
|  45|0x0000000082d00000, 0x0000000082e00000, 0x0000000082e00000|100%| O|  |TAMS 0x0000000082d00000| PB 0x0000000082d00000| Untracked |  0
|  46|0x0000000082e00000, 0x0000000082f00000, 0x0000000082f00000|100%| O|  |TAMS 0x0000000082e00000| PB 0x0000000082e00000| Untracked |  0
|  47|0x0000000082f00000, 0x0000000083000000, 0x0000000083000000|100%| O|  |TAMS 0x0000000082f00000| PB 0x0000000082f00000| Untracked |  0
|  48|0x0000000083000000, 0x0000000083000000, 0x0000000083100000|  0%| F|  |TAMS 0x0000000083000000| PB 0x0000000083000000| Untracked |  0
|  49|0x0000000083100000, 0x0000000083100000, 0x0000000083200000|  0%| F|  |TAMS 0x0000000083100000| PB 0x0000000083100000| Untracked |  0
|  50|0x0000000083200000, 0x0000000083200000, 0x0000000083300000|  0%| F|  |TAMS 0x0000000083200000| PB 0x0000000083200000| Untracked |  0
|  51|0x0000000083300000, 0x0000000083300000, 0x0000000083400000|  0%| F|  |TAMS 0x0000000083300000| PB 0x0000000083300000| Untracked |  0
|  52|0x0000000083400000, 0x0000000083400000, 0x0000000083500000|  0%| F|  |TAMS 0x0000000083400000| PB 0x0000000083400000| Untracked |  0
|  53|0x0000000083500000, 0x0000000083500000, 0x0000000083600000|  0%| F|  |TAMS 0x0000000083500000| PB 0x0000000083500000| Untracked |  0
|  54|0x0000000083600000, 0x0000000083600000, 0x0000000083700000|  0%| F|  |TAMS 0x0000000083600000| PB 0x0000000083600000| Untracked |  0
|  55|0x0000000083700000, 0x0000000083700000, 0x0000000083800000|  0%| F|  |TAMS 0x0000000083700000| PB 0x0000000083700000| Untracked |  0
|  56|0x0000000083800000, 0x0000000083800000, 0x0000000083900000|  0%| F|  |TAMS 0x0000000083800000| PB 0x0000000083800000| Untracked |  0
|  57|0x0000000083900000, 0x0000000083900000, 0x0000000083a00000|  0%| F|  |TAMS 0x0000000083900000| PB 0x0000000083900000| Untracked |  0
|  58|0x0000000083a00000, 0x0000000083a00000, 0x0000000083b00000|  0%| F|  |TAMS 0x0000000083a00000| PB 0x0000000083a00000| Untracked |  0
|  59|0x0000000083b00000, 0x0000000083b00000, 0x0000000083c00000|  0%| F|  |TAMS 0x0000000083b00000| PB 0x0000000083b00000| Untracked |  0
|  60|0x0000000083c00000, 0x0000000083c3ed90, 0x0000000083d00000| 24%| S|CS|TAMS 0x0000000083c00000| PB 0x0000000083c00000| Complete |  0
|  61|0x0000000083d00000, 0x0000000083e00000, 0x0000000083e00000|100%| S|CS|TAMS 0x0000000083d00000| PB 0x0000000083d00000| Complete |  0
|  62|0x0000000083e00000, 0x0000000083f00000, 0x0000000083f00000|100%| S|CS|TAMS 0x0000000083e00000| PB 0x0000000083e00000| Complete |  0
|  63|0x0000000083f00000, 0x0000000084000000, 0x0000000084000000|100%| S|CS|TAMS 0x0000000083f00000| PB 0x0000000083f00000| Complete |  0
|  64|0x0000000084000000, 0x0000000084000000, 0x0000000084100000|  0%| F|  |TAMS 0x0000000084000000| PB 0x0000000084000000| Untracked |  0
|  65|0x0000000084100000, 0x0000000084200000, 0x0000000084200000|100%| S|CS|TAMS 0x0000000084100000| PB 0x0000000084100000| Complete |  0
|  66|0x0000000084200000, 0x0000000084300000, 0x0000000084300000|100%| S|CS|TAMS 0x0000000084200000| PB 0x0000000084200000| Complete |  0
|  67|0x0000000084300000, 0x0000000084300000, 0x0000000084400000|  0%| F|  |TAMS 0x0000000084300000| PB 0x0000000084300000| Untracked |  0
|  68|0x0000000084400000, 0x0000000084400000, 0x0000000084500000|  0%| F|  |TAMS 0x0000000084400000| PB 0x0000000084400000| Untracked |  0
|  69|0x0000000084500000, 0x0000000084500000, 0x0000000084600000|  0%| F|  |TAMS 0x0000000084500000| PB 0x0000000084500000| Untracked |  0
|  70|0x0000000084600000, 0x0000000084600000, 0x0000000084700000|  0%| F|  |TAMS 0x0000000084600000| PB 0x0000000084600000| Untracked |  0
|  71|0x0000000084700000, 0x0000000084700000, 0x0000000084800000|  0%| F|  |TAMS 0x0000000084700000| PB 0x0000000084700000| Untracked |  0
|  72|0x0000000084800000, 0x0000000084800000, 0x0000000084900000|  0%| F|  |TAMS 0x0000000084800000| PB 0x0000000084800000| Untracked |  0
|  73|0x0000000084900000, 0x0000000084900000, 0x0000000084a00000|  0%| F|  |TAMS 0x0000000084900000| PB 0x0000000084900000| Untracked |  0
|  74|0x0000000084a00000, 0x0000000084a00000, 0x0000000084b00000|  0%| F|  |TAMS 0x0000000084a00000| PB 0x0000000084a00000| Untracked |  0
|  75|0x0000000084b00000, 0x0000000084b00000, 0x0000000084c00000|  0%| F|  |TAMS 0x0000000084b00000| PB 0x0000000084b00000| Untracked |  0
|  76|0x0000000084c00000, 0x0000000084c00000, 0x0000000084d00000|  0%| F|  |TAMS 0x0000000084c00000| PB 0x0000000084c00000| Untracked |  0
|  77|0x0000000084d00000, 0x0000000084d00000, 0x0000000084e00000|  0%| F|  |TAMS 0x0000000084d00000| PB 0x0000000084d00000| Untracked |  0
|  78|0x0000000084e00000, 0x0000000084e00000, 0x0000000084f00000|  0%| F|  |TAMS 0x0000000084e00000| PB 0x0000000084e00000| Untracked |  0
|  79|0x0000000084f00000, 0x0000000084f00000, 0x0000000085000000|  0%| F|  |TAMS 0x0000000084f00000| PB 0x0000000084f00000| Untracked |  0
|  80|0x0000000085000000, 0x0000000085000000, 0x0000000085100000|  0%| F|  |TAMS 0x0000000085000000| PB 0x0000000085000000| Untracked |  0
|  81|0x0000000085100000, 0x0000000085100000, 0x0000000085200000|  0%| F|  |TAMS 0x0000000085100000| PB 0x0000000085100000| Untracked |  0
|  82|0x0000000085200000, 0x0000000085200000, 0x0000000085300000|  0%| F|  |TAMS 0x0000000085200000| PB 0x0000000085200000| Untracked |  0
|  83|0x0000000085300000, 0x0000000085300000, 0x0000000085400000|  0%| F|  |TAMS 0x0000000085300000| PB 0x0000000085300000| Untracked |  0
|  84|0x0000000085400000, 0x0000000085400000, 0x0000000085500000|  0%| F|  |TAMS 0x0000000085400000| PB 0x0000000085400000| Untracked |  0
|  85|0x0000000085500000, 0x0000000085500000, 0x0000000085600000|  0%| F|  |TAMS 0x0000000085500000| PB 0x0000000085500000| Untracked |  0
|  86|0x0000000085600000, 0x0000000085600000, 0x0000000085700000|  0%| F|  |TAMS 0x0000000085600000| PB 0x0000000085600000| Untracked |  0
|  87|0x0000000085700000, 0x0000000085700000, 0x0000000085800000|  0%| F|  |TAMS 0x0000000085700000| PB 0x0000000085700000| Untracked |  0
|  88|0x0000000085800000, 0x0000000085800000, 0x0000000085900000|  0%| F|  |TAMS 0x0000000085800000| PB 0x0000000085800000| Untracked |  0
|  89|0x0000000085900000, 0x0000000085900000, 0x0000000085a00000|  0%| F|  |TAMS 0x0000000085900000| PB 0x0000000085900000| Untracked |  0
|  90|0x0000000085a00000, 0x0000000085a00000, 0x0000000085b00000|  0%| F|  |TAMS 0x0000000085a00000| PB 0x0000000085a00000| Untracked |  0
|  91|0x0000000085b00000, 0x0000000085b00000, 0x0000000085c00000|  0%| F|  |TAMS 0x0000000085b00000| PB 0x0000000085b00000| Untracked |  0
|  92|0x0000000085c00000, 0x0000000085c00000, 0x0000000085d00000|  0%| F|  |TAMS 0x0000000085c00000| PB 0x0000000085c00000| Untracked |  0
|  93|0x0000000085d00000, 0x0000000085d00000, 0x0000000085e00000|  0%| F|  |TAMS 0x0000000085d00000| PB 0x0000000085d00000| Untracked |  0
|  94|0x0000000085e00000, 0x0000000085e00000, 0x0000000085f00000|  0%| F|  |TAMS 0x0000000085e00000| PB 0x0000000085e00000| Untracked |  0
|  95|0x0000000085f00000, 0x0000000085f00000, 0x0000000086000000|  0%| F|  |TAMS 0x0000000085f00000| PB 0x0000000085f00000| Untracked |  0
|  96|0x0000000086000000, 0x0000000086000000, 0x0000000086100000|  0%| F|  |TAMS 0x0000000086000000| PB 0x0000000086000000| Untracked |  0
|  97|0x0000000086100000, 0x0000000086100000, 0x0000000086200000|  0%| F|  |TAMS 0x0000000086100000| PB 0x0000000086100000| Untracked |  0
|  98|0x0000000086200000, 0x0000000086200000, 0x0000000086300000|  0%| F|  |TAMS 0x0000000086200000| PB 0x0000000086200000| Untracked |  0
|  99|0x0000000086300000, 0x0000000086300000, 0x0000000086400000|  0%| F|  |TAMS 0x0000000086300000| PB 0x0000000086300000| Untracked |  0
| 100|0x0000000086400000, 0x0000000086400000, 0x0000000086500000|  0%| F|  |TAMS 0x0000000086400000| PB 0x0000000086400000| Untracked |  0
| 101|0x0000000086500000, 0x0000000086500000, 0x0000000086600000|  0%| F|  |TAMS 0x0000000086500000| PB 0x0000000086500000| Untracked |  0
| 102|0x0000000086600000, 0x0000000086600000, 0x0000000086700000|  0%| F|  |TAMS 0x0000000086600000| PB 0x0000000086600000| Untracked |  0
| 103|0x0000000086700000, 0x0000000086700000, 0x0000000086800000|  0%| F|  |TAMS 0x0000000086700000| PB 0x0000000086700000| Untracked |  0
| 104|0x0000000086800000, 0x0000000086800000, 0x0000000086900000|  0%| F|  |TAMS 0x0000000086800000| PB 0x0000000086800000| Untracked |  0
| 105|0x0000000086900000, 0x0000000086900000, 0x0000000086a00000|  0%| F|  |TAMS 0x0000000086900000| PB 0x0000000086900000| Untracked |  0
| 106|0x0000000086a00000, 0x0000000086a00000, 0x0000000086b00000|  0%| F|  |TAMS 0x0000000086a00000| PB 0x0000000086a00000| Untracked |  0
| 107|0x0000000086b00000, 0x0000000086b00000, 0x0000000086c00000|  0%| F|  |TAMS 0x0000000086b00000| PB 0x0000000086b00000| Untracked |  0
| 108|0x0000000086c00000, 0x0000000086c00000, 0x0000000086d00000|  0%| F|  |TAMS 0x0000000086c00000| PB 0x0000000086c00000| Untracked |  0
| 109|0x0000000086d00000, 0x0000000086d00000, 0x0000000086e00000|  0%| F|  |TAMS 0x0000000086d00000| PB 0x0000000086d00000| Untracked |  0
| 110|0x0000000086e00000, 0x0000000086e00000, 0x0000000086f00000|  0%| F|  |TAMS 0x0000000086e00000| PB 0x0000000086e00000| Untracked |  0
| 111|0x0000000086f00000, 0x0000000086f00000, 0x0000000087000000|  0%| F|  |TAMS 0x0000000086f00000| PB 0x0000000086f00000| Untracked |  0
| 112|0x0000000087000000, 0x0000000087000000, 0x0000000087100000|  0%| F|  |TAMS 0x0000000087000000| PB 0x0000000087000000| Untracked |  0
| 113|0x0000000087100000, 0x0000000087100000, 0x0000000087200000|  0%| F|  |TAMS 0x0000000087100000| PB 0x0000000087100000| Untracked |  0
| 114|0x0000000087200000, 0x0000000087200000, 0x0000000087300000|  0%| F|  |TAMS 0x0000000087200000| PB 0x0000000087200000| Untracked |  0
| 115|0x0000000087300000, 0x0000000087300000, 0x0000000087400000|  0%| F|  |TAMS 0x0000000087300000| PB 0x0000000087300000| Untracked |  0
| 116|0x0000000087400000, 0x0000000087400000, 0x0000000087500000|  0%| F|  |TAMS 0x0000000087400000| PB 0x0000000087400000| Untracked |  0
| 117|0x0000000087500000, 0x0000000087500000, 0x0000000087600000|  0%| F|  |TAMS 0x0000000087500000| PB 0x0000000087500000| Untracked |  0
| 118|0x0000000087600000, 0x0000000087600000, 0x0000000087700000|  0%| F|  |TAMS 0x0000000087600000| PB 0x0000000087600000| Untracked |  0
| 119|0x0000000087700000, 0x0000000087700000, 0x0000000087800000|  0%| F|  |TAMS 0x0000000087700000| PB 0x0000000087700000| Untracked |  0
| 120|0x0000000087800000, 0x0000000087800000, 0x0000000087900000|  0%| F|  |TAMS 0x0000000087800000| PB 0x0000000087800000| Untracked |  0
| 121|0x0000000087900000, 0x0000000087900000, 0x0000000087a00000|  0%| F|  |TAMS 0x0000000087900000| PB 0x0000000087900000| Untracked |  0
| 122|0x0000000087a00000, 0x0000000087a00000, 0x0000000087b00000|  0%| F|  |TAMS 0x0000000087a00000| PB 0x0000000087a00000| Untracked |  0
| 123|0x0000000087b00000, 0x0000000087b00000, 0x0000000087c00000|  0%| F|  |TAMS 0x0000000087b00000| PB 0x0000000087b00000| Untracked |  0
| 124|0x0000000087c00000, 0x0000000087c00000, 0x0000000087d00000|  0%| F|  |TAMS 0x0000000087c00000| PB 0x0000000087c00000| Untracked |  0
| 125|0x0000000087d00000, 0x0000000087d00000, 0x0000000087e00000|  0%| F|  |TAMS 0x0000000087d00000| PB 0x0000000087d00000| Untracked |  0
| 126|0x0000000087e00000, 0x0000000087e00000, 0x0000000087f00000|  0%| F|  |TAMS 0x0000000087e00000| PB 0x0000000087e00000| Untracked |  0
| 127|0x0000000087f00000, 0x0000000087f00000, 0x0000000088000000|  0%| F|  |TAMS 0x0000000087f00000| PB 0x0000000087f00000| Untracked |  0
| 128|0x0000000088000000, 0x0000000088000000, 0x0000000088100000|  0%| F|  |TAMS 0x0000000088000000| PB 0x0000000088000000| Untracked |  0
| 129|0x0000000088100000, 0x0000000088100000, 0x0000000088200000|  0%| F|  |TAMS 0x0000000088100000| PB 0x0000000088100000| Untracked |  0
| 130|0x0000000088200000, 0x0000000088200000, 0x0000000088300000|  0%| F|  |TAMS 0x0000000088200000| PB 0x0000000088200000| Untracked |  0
| 131|0x0000000088300000, 0x0000000088300000, 0x0000000088400000|  0%| F|  |TAMS 0x0000000088300000| PB 0x0000000088300000| Untracked |  0
| 132|0x0000000088400000, 0x0000000088400000, 0x0000000088500000|  0%| F|  |TAMS 0x0000000088400000| PB 0x0000000088400000| Untracked |  0
| 133|0x0000000088500000, 0x0000000088600000, 0x0000000088600000|100%| E|  |TAMS 0x0000000088500000| PB 0x0000000088500000| Complete |  0
| 134|0x0000000088600000, 0x0000000088700000, 0x0000000088700000|100%| E|CS|TAMS 0x0000000088600000| PB 0x0000000088600000| Complete |  0
| 135|0x0000000088700000, 0x0000000088800000, 0x0000000088800000|100%| E|CS|TAMS 0x0000000088700000| PB 0x0000000088700000| Complete |  0
| 136|0x0000000088800000, 0x0000000088900000, 0x0000000088900000|100%| E|CS|TAMS 0x0000000088800000| PB 0x0000000088800000| Complete |  0
| 137|0x0000000088900000, 0x0000000088a00000, 0x0000000088a00000|100%| E|CS|TAMS 0x0000000088900000| PB 0x0000000088900000| Complete |  0
| 138|0x0000000088a00000, 0x0000000088b00000, 0x0000000088b00000|100%| E|CS|TAMS 0x0000000088a00000| PB 0x0000000088a00000| Complete |  0
| 139|0x0000000088b00000, 0x0000000088c00000, 0x0000000088c00000|100%| E|CS|TAMS 0x0000000088b00000| PB 0x0000000088b00000| Complete |  0
| 140|0x0000000088c00000, 0x0000000088d00000, 0x0000000088d00000|100%| E|CS|TAMS 0x0000000088c00000| PB 0x0000000088c00000| Complete |  0
| 141|0x0000000088d00000, 0x0000000088e00000, 0x0000000088e00000|100%| E|CS|TAMS 0x0000000088d00000| PB 0x0000000088d00000| Complete |  0
| 142|0x0000000088e00000, 0x0000000088f00000, 0x0000000088f00000|100%| E|CS|TAMS 0x0000000088e00000| PB 0x0000000088e00000| Complete |  0
| 143|0x0000000088f00000, 0x0000000089000000, 0x0000000089000000|100%| E|CS|TAMS 0x0000000088f00000| PB 0x0000000088f00000| Complete |  0
| 144|0x0000000089000000, 0x0000000089100000, 0x0000000089100000|100%| E|CS|TAMS 0x0000000089000000| PB 0x0000000089000000| Complete |  0
| 145|0x0000000089100000, 0x0000000089200000, 0x0000000089200000|100%| E|CS|TAMS 0x0000000089100000| PB 0x0000000089100000| Complete |  0
| 146|0x0000000089200000, 0x0000000089300000, 0x0000000089300000|100%| E|CS|TAMS 0x0000000089200000| PB 0x0000000089200000| Complete |  0
|2046|0x00000000ffe00000, 0x00000000fff00000, 0x00000000fff00000|100%| O|  |TAMS 0x00000000ffe00000| PB 0x00000000ffe00000| Untracked |  0
|2047|0x00000000fff00000, 0x0000000100000000, 0x0000000100000000|100%| O|  |TAMS 0x00000000fff00000| PB 0x00000000fff00000| Untracked |  0

Card table byte_map: [0x0000013231730000,0x0000013231b30000] _byte_map_base: 0x0000013231330000

Marking Bits: (CMBitMap*) 0x0000013219d05120
 Bits: [0x0000013231b30000, 0x0000013233b30000)

Polling page: 0x0000013217bb0000

Metaspace:

Usage:
  Non-class:     41.06 MB used.
      Class:      6.81 MB used.
       Both:     47.87 MB used.

Virtual space:
  Non-class space:       64.00 MB reserved,      41.81 MB ( 65%) committed,  1 nodes.
      Class space:      416.00 MB reserved,       7.50 MB (  2%) committed,  1 nodes.
             Both:      480.00 MB reserved,      49.31 MB ( 10%) committed. 

Chunk freelists:
   Non-Class:  5.89 MB
       Class:  8.55 MB
        Both:  14.44 MB

MaxMetaspaceSize: 512.00 MB
CompressedClassSpaceSize: 416.00 MB
Initial GC threshold: 21.00 MB
Current GC threshold: 58.75 MB
CDS: on
 - commit_granule_bytes: 65536.
 - commit_granule_words: 8192.
 - virtual_space_node_default_size: 8388608.
 - enlarge_chunks_in_place: 1.
 - use_allocation_guard: 0.


Internal statistics:

num_allocs_failed_limit: 6.
num_arena_births: 2424.
num_arena_deaths: 0.
num_vsnodes_births: 2.
num_vsnodes_deaths: 0.
num_space_committed: 789.
num_space_uncommitted: 0.
num_chunks_returned_to_freelist: 6.
num_chunks_taken_from_freelist: 4399.
num_chunk_merges: 6.
num_chunk_splits: 2926.
num_chunks_enlarged: 1931.
num_inconsistent_stats: 0.

CodeHeap 'non-profiled nmethods': size=120000Kb used=5085Kb max_used=5085Kb free=114914Kb
 bounds [0x0000013229ad0000, 0x0000013229fd0000, 0x0000013231000000]
CodeHeap 'profiled nmethods': size=120000Kb used=14345Kb max_used=14345Kb free=105654Kb
 bounds [0x0000013222000000, 0x0000013222e10000, 0x0000013229530000]
CodeHeap 'non-nmethods': size=5760Kb used=2992Kb max_used=3048Kb free=2767Kb
 bounds [0x0000013229530000, 0x0000013229840000, 0x0000013229ad0000]
 total_blobs=7902 nmethods=7031 adapters=775
 compilation: enabled
              stopped_count=0, restarted_count=0
 full_count=0

Compilation events (20 events):
Event: 11.377 Thread 0x0000013236566c20 7534       3       org.objectweb.asm.TypeReference::putTarget (385 bytes)
Event: 11.378 Thread 0x000001325a8ee730 nmethod 7516 0x0000013229fb7390 code [0x0000013229fb7aa0, 0x0000013229fbade0]
Event: 11.378 Thread 0x0000013236566c20 nmethod 7534 0x0000013222df3d90 code [0x0000013222df3fa0, 0x0000013222df48d8]
Event: 11.379 Thread 0x000001325a8ee730 7523       4       org.objectweb.asm.ClassReader::getFirstAttributeOffset (136 bytes)
Event: 11.380 Thread 0x0000013236566c20 7537       3       org.objectweb.asm.MethodWriter::putMethodInfo (1274 bytes)
Event: 11.386 Thread 0x0000013236566c20 nmethod 7537 0x0000013222df4a90 code [0x0000013222df5160, 0x0000013222df7590]
Event: 11.388 Thread 0x000001325a8ee730 nmethod 7523 0x0000013229fbd310 code [0x0000013229fbd4c0, 0x0000013229fbd9e0]
Event: 11.388 Thread 0x000001325a8ee730 7463       4       org.apache.commons.compress.archivers.zip.ZipArchiveEntry::getExtraField (55 bytes)
Event: 11.389 Thread 0x0000013236566c20 7538       3       org.objectweb.asm.FieldWriter::visitAnnotation (40 bytes)
Event: 11.389 Thread 0x000001325a8ee730 nmethod 7463 0x0000013229fbde10 code [0x0000013229fbdf80, 0x0000013229fbe038]
Event: 11.389 Thread 0x0000013236566c20 nmethod 7538 0x0000013222df8890 code [0x0000013222df8a60, 0x0000013222df8cf0]
Event: 11.389 Thread 0x000001325a8ee730 7512       4       org.objectweb.asm.MethodWriter::visitMaxs (60 bytes)
Event: 11.390 Thread 0x000001325a8ee730 nmethod 7512 0x0000013229fbe110 code [0x0000013229fbe2a0, 0x0000013229fbe398]
Event: 11.391 Thread 0x000001325a8ee730 7508       4       org.objectweb.asm.MethodVisitor::visitFrame (22 bytes)
Event: 11.391 Thread 0x000001325a8ee730 nmethod 7508 0x0000013229fbe490 code [0x0000013229fbe620, 0x0000013229fbe6f0]
Event: 11.391 Thread 0x000001325a8ee730 7462       4       org.apache.commons.compress.archivers.zip.StreamCompressor::writeCounted (30 bytes)
Event: 11.396 Thread 0x0000013236566c20 7542       3       org.objectweb.asm.commons.FieldRemapper::visitAnnotation (29 bytes)
Event: 11.397 Thread 0x0000013236566c20 nmethod 7542 0x0000013222df8d90 code [0x0000013222df8fc0, 0x0000013222df9618]
Event: 11.397 Thread 0x0000013236566c20 7543       3       org.objectweb.asm.FieldVisitor::visitAnnotation (19 bytes)
Event: 11.397 Thread 0x0000013236566c20 nmethod 7543 0x0000013222df9910 code [0x0000013222df9ac0, 0x0000013222df9cf8]

GC Heap History (20 events):
Event: 6.398 GC heap before
{Heap before GC invocations=6 (full 0):
 garbage-first heap   total reserved 2097152K, committed 89088K, used 71833K [0x0000000080000000, 0x0000000100000000)
  region size 1024K, 50 young (51200K), 7 survivors (7168K)
 Metaspace       used 33362K, committed 34560K, reserved 491520K
  class space    used 4978K, committed 5568K, reserved 425984K
}
Event: 6.410 GC heap after
{Heap after GC invocations=7 (full 0):
 garbage-first heap   total reserved 2097152K, committed 89088K, used 31345K [0x0000000080000000, 0x0000000100000000)
  region size 1024K, 3 young (3072K), 3 survivors (3072K)
 Metaspace       used 33362K, committed 34560K, reserved 491520K
  class space    used 4978K, committed 5568K, reserved 425984K
}
Event: 6.607 GC heap before
{Heap before GC invocations=7 (full 0):
 garbage-first heap   total reserved 2097152K, committed 89088K, used 58993K [0x0000000080000000, 0x0000000100000000)
  region size 1024K, 31 young (31744K), 3 survivors (3072K)
 Metaspace       used 34769K, committed 35968K, reserved 491520K
  class space    used 5235K, committed 5824K, reserved 425984K
}
Event: 6.611 GC heap after
{Heap after GC invocations=8 (full 0):
 garbage-first heap   total reserved 2097152K, committed 107520K, used 32215K [0x0000000080000000, 0x0000000100000000)
  region size 1024K, 4 young (4096K), 4 survivors (4096K)
 Metaspace       used 34769K, committed 35968K, reserved 491520K
  class space    used 5235K, committed 5824K, reserved 425984K
}
Event: 7.650 GC heap before
{Heap before GC invocations=9 (full 0):
 garbage-first heap   total reserved 2097152K, committed 107520K, used 91607K [0x0000000080000000, 0x0000000100000000)
  region size 1024K, 62 young (63488K), 4 survivors (4096K)
 Metaspace       used 42024K, committed 43264K, reserved 491520K
  class space    used 6116K, committed 6720K, reserved 425984K
}
Event: 7.657 GC heap after
{Heap after GC invocations=10 (full 0):
 garbage-first heap   total reserved 2097152K, committed 107520K, used 37045K [0x0000000080000000, 0x0000000100000000)
  region size 1024K, 8 young (8192K), 8 survivors (8192K)
 Metaspace       used 42024K, committed 43264K, reserved 491520K
  class space    used 6116K, committed 6720K, reserved 425984K
}
Event: 8.293 GC heap before
{Heap before GC invocations=10 (full 0):
 garbage-first heap   total reserved 2097152K, committed 107520K, used 97461K [0x0000000080000000, 0x0000000100000000)
  region size 1024K, 62 young (63488K), 8 survivors (8192K)
 Metaspace       used 44504K, committed 45760K, reserved 491520K
  class space    used 6368K, committed 6976K, reserved 425984K
}
Event: 8.303 GC heap after
{Heap after GC invocations=11 (full 0):
 garbage-first heap   total reserved 2097152K, committed 112640K, used 42491K [0x0000000080000000, 0x0000000100000000)
  region size 1024K, 6 young (6144K), 6 survivors (6144K)
 Metaspace       used 44504K, committed 45760K, reserved 491520K
  class space    used 6368K, committed 6976K, reserved 425984K
}
Event: 8.389 GC heap before
{Heap before GC invocations=11 (full 0):
 garbage-first heap   total reserved 2097152K, committed 112640K, used 97787K [0x0000000080000000, 0x0000000100000000)
  region size 1024K, 60 young (61440K), 6 survivors (6144K)
 Metaspace       used 44512K, committed 45824K, reserved 491520K
  class space    used 6368K, committed 6976K, reserved 425984K
}
Event: 8.395 GC heap after
{Heap after GC invocations=12 (full 0):
 garbage-first heap   total reserved 2097152K, committed 112640K, used 44243K [0x0000000080000000, 0x0000000100000000)
  region size 1024K, 3 young (3072K), 3 survivors (3072K)
 Metaspace       used 44512K, committed 45824K, reserved 491520K
  class space    used 6368K, committed 6976K, reserved 425984K
}
Event: 8.547 GC heap before
{Heap before GC invocations=12 (full 0):
 garbage-first heap   total reserved 2097152K, committed 112640K, used 98515K [0x0000000080000000, 0x0000000100000000)
  region size 1024K, 56 young (57344K), 3 survivors (3072K)
 Metaspace       used 44535K, committed 45824K, reserved 491520K
  class space    used 6368K, committed 6976K, reserved 425984K
}
Event: 8.554 GC heap after
{Heap after GC invocations=13 (full 0):
 garbage-first heap   total reserved 2097152K, committed 112640K, used 47054K [0x0000000080000000, 0x0000000100000000)
  region size 1024K, 6 young (6144K), 6 survivors (6144K)
 Metaspace       used 44535K, committed 45824K, reserved 491520K
  class space    used 6368K, committed 6976K, reserved 425984K
}
Event: 9.325 GC heap before
{Heap before GC invocations=13 (full 0):
 garbage-first heap   total reserved 2097152K, committed 112640K, used 99278K [0x0000000080000000, 0x0000000100000000)
  region size 1024K, 57 young (58368K), 6 survivors (6144K)
 Metaspace       used 45869K, committed 47168K, reserved 491520K
  class space    used 6507K, committed 7104K, reserved 425984K
}
Event: 9.333 GC heap after
{Heap after GC invocations=14 (full 0):
 garbage-first heap   total reserved 2097152K, committed 112640K, used 50045K [0x0000000080000000, 0x0000000100000000)
  region size 1024K, 6 young (6144K), 6 survivors (6144K)
 Metaspace       used 45869K, committed 47168K, reserved 491520K
  class space    used 6507K, committed 7104K, reserved 425984K
}
Event: 9.474 GC heap before
{Heap before GC invocations=14 (full 0):
 garbage-first heap   total reserved 2097152K, committed 112640K, used 100221K [0x0000000080000000, 0x0000000100000000)
  region size 1024K, 55 young (56320K), 6 survivors (6144K)
 Metaspace       used 45909K, committed 47232K, reserved 491520K
  class space    used 6507K, committed 7104K, reserved 425984K
}
Event: 9.481 GC heap after
{Heap after GC invocations=15 (full 0):
 garbage-first heap   total reserved 2097152K, committed 149504K, used 51237K [0x0000000080000000, 0x0000000100000000)
  region size 1024K, 5 young (5120K), 5 survivors (5120K)
 Metaspace       used 45909K, committed 47232K, reserved 491520K
  class space    used 6507K, committed 7104K, reserved 425984K
}
Event: 10.738 GC heap before
{Heap before GC invocations=15 (full 0):
 garbage-first heap   total reserved 2097152K, committed 149504K, used 142373K [0x0000000080000000, 0x0000000100000000)
  region size 1024K, 85 young (87040K), 5 survivors (5120K)
 Metaspace       used 48900K, committed 50432K, reserved 491520K
  class space    used 6970K, committed 7680K, reserved 425984K
}
Event: 10.745 GC heap after
{Heap after GC invocations=16 (full 0):
 garbage-first heap   total reserved 2097152K, committed 152576K, used 54592K [0x0000000080000000, 0x0000000100000000)
  region size 1024K, 8 young (8192K), 8 survivors (8192K)
 Metaspace       used 48900K, committed 50432K, reserved 491520K
  class space    used 6970K, committed 7680K, reserved 425984K
}
Event: 11.137 GC heap before
{Heap before GC invocations=16 (full 0):
 garbage-first heap   total reserved 2097152K, committed 152576K, used 135488K [0x0000000080000000, 0x0000000100000000)
  region size 1024K, 87 young (89088K), 8 survivors (8192K)
 Metaspace       used 48978K, committed 50496K, reserved 491520K
  class space    used 6970K, committed 7680K, reserved 425984K
}
Event: 11.143 GC heap after
{Heap after GC invocations=17 (full 0):
 garbage-first heap   total reserved 2097152K, committed 152576K, used 55235K [0x0000000080000000, 0x0000000100000000)
  region size 1024K, 6 young (6144K), 6 survivors (6144K)
 Metaspace       used 48978K, committed 50496K, reserved 491520K
  class space    used 6970K, committed 7680K, reserved 425984K
}

Dll operation events (15 events):
Event: 0.020 Loaded shared library C:\Program Files\Java\jdk-22\bin\java.dll
Event: 0.128 Loaded shared library C:\Program Files\Java\jdk-22\bin\jsvml.dll
Event: 0.187 Loaded shared library C:\Program Files\Java\jdk-22\bin\zip.dll
Event: 0.191 Loaded shared library C:\Program Files\Java\jdk-22\bin\instrument.dll
Event: 0.196 Loaded shared library C:\Program Files\Java\jdk-22\bin\net.dll
Event: 0.198 Loaded shared library C:\Program Files\Java\jdk-22\bin\nio.dll
Event: 0.204 Loaded shared library C:\Program Files\Java\jdk-22\bin\zip.dll
Event: 0.552 Loaded shared library C:\Program Files\Java\jdk-22\bin\jimage.dll
Event: 0.695 Loaded shared library C:\Program Files\Java\jdk-22\bin\verify.dll
Event: 0.908 Loaded shared library C:\Users\hp\.gradle\native\c067742578af261105cb4f569cf0c3c89f3d7b1fecec35dd04571415982c5e48\windows-amd64\native-platform.dll
Event: 0.931 Loaded shared library C:\Users\hp\.gradle\native\100fb08df4bc3b14c8652ba06237920a3bd2aa13389f12d3474272988ae205f9\windows-amd64\native-platform-file-events.dll
Event: 2.075 Loaded shared library C:\Program Files\Java\jdk-22\bin\management.dll
Event: 2.080 Loaded shared library C:\Program Files\Java\jdk-22\bin\management_ext.dll
Event: 2.301 Loaded shared library C:\Program Files\Java\jdk-22\bin\extnet.dll
Event: 2.527 Loaded shared library C:\Program Files\Java\jdk-22\bin\sunmscapi.dll

Deoptimization events (20 events):
Event: 11.263 Thread 0x0000013257832ee0 DEOPT PACKING pc=0x000001322289ec39 sp=0x00000014061f5100
Event: 11.263 Thread 0x0000013257832ee0 DEOPT UNPACKING pc=0x00000132295888e2 sp=0x00000014061f4810 mode 0
Event: 11.308 Thread 0x0000013257832ee0 DEOPT PACKING pc=0x000001322289ec39 sp=0x00000014061f5100
Event: 11.308 Thread 0x0000013257832ee0 DEOPT UNPACKING pc=0x00000132295888e2 sp=0x00000014061f4810 mode 0
Event: 11.310 Thread 0x0000013257832ee0 Uncommon trap: trap_request=0xffffff45 fr.pc=0x0000013229fb2f08 relative=0x00000000000007c8
Event: 11.310 Thread 0x0000013257832ee0 Uncommon trap: reason=unstable_if action=reinterpret pc=0x0000013229fb2f08 method=org.objectweb.asm.MethodWriter.computeMethodInfoSize()I @ 259 c2
Event: 11.310 Thread 0x0000013257832ee0 DEOPT PACKING pc=0x0000013229fb2f08 sp=0x00000014061f57e0
Event: 11.310 Thread 0x0000013257832ee0 DEOPT UNPACKING pc=0x0000013229587da2 sp=0x00000014061f5788 mode 2
Event: 11.339 Thread 0x0000013257832ee0 DEOPT PACKING pc=0x000001322289ec39 sp=0x00000014061f5100
Event: 11.339 Thread 0x0000013257832ee0 DEOPT UNPACKING pc=0x00000132295888e2 sp=0x00000014061f4810 mode 0
Event: 11.347 Thread 0x0000013257832ee0 DEOPT PACKING pc=0x000001322289ec39 sp=0x00000014061f5100
Event: 11.347 Thread 0x0000013257832ee0 DEOPT UNPACKING pc=0x00000132295888e2 sp=0x00000014061f4810 mode 0
Event: 11.355 Thread 0x0000013257832ee0 DEOPT PACKING pc=0x000001322289ec39 sp=0x00000014061f5100
Event: 11.355 Thread 0x0000013257832ee0 DEOPT UNPACKING pc=0x00000132295888e2 sp=0x00000014061f4810 mode 0
Event: 11.363 Thread 0x0000013257832ee0 DEOPT PACKING pc=0x000001322289ec39 sp=0x00000014061f5100
Event: 11.363 Thread 0x0000013257832ee0 DEOPT UNPACKING pc=0x00000132295888e2 sp=0x00000014061f4810 mode 0
Event: 11.379 Thread 0x0000013257832ee0 Uncommon trap: trap_request=0xffffff45 fr.pc=0x0000013229fba0f8 relative=0x0000000000002658
Event: 11.379 Thread 0x0000013257832ee0 Uncommon trap: reason=unstable_if action=reinterpret pc=0x0000013229fba0f8 method=org.objectweb.asm.MethodWriter.putMethodInfo(Lorg/objectweb/asm/ByteVector;)V @ 399 c2
Event: 11.379 Thread 0x0000013257832ee0 DEOPT PACKING pc=0x0000013229fba0f8 sp=0x00000014061f57a0
Event: 11.379 Thread 0x0000013257832ee0 DEOPT UNPACKING pc=0x0000013229587da2 sp=0x00000014061f5758 mode 2

Classes loaded (20 events):
Event: 10.195 Loading class java/util/stream/ReduceOps$2
Event: 10.195 Loading class java/util/stream/ReduceOps$2 done
Event: 10.195 Loading class java/util/stream/ReduceOps$2ReducingSink
Event: 10.195 Loading class java/util/stream/ReduceOps$2ReducingSink done
Event: 10.263 Loading class java/util/Collections$SynchronizedRandomAccessList
Event: 10.263 Loading class java/util/Collections$SynchronizedList
Event: 10.263 Loading class java/util/Collections$SynchronizedList done
Event: 10.263 Loading class java/util/Collections$SynchronizedRandomAccessList done
Event: 10.443 Loading class java/nio/charset/UnsupportedCharsetException
Event: 10.443 Loading class java/nio/charset/UnsupportedCharsetException done
Event: 10.444 Loading class java/util/Collections$UnmodifiableSortedMap
Event: 10.444 Loading class java/util/Collections$UnmodifiableSortedMap done
Event: 10.446 Loading class java/util/zip/Deflater
Event: 10.447 Loading class java/util/zip/Deflater done
Event: 10.448 Loading class java/util/zip/Deflater$DeflaterZStreamRef
Event: 10.448 Loading class java/util/zip/Deflater$DeflaterZStreamRef done
Event: 10.456 Loading class java/util/zip/ZipFile$ZipEntryIterator
Event: 10.457 Loading class java/util/zip/ZipFile$ZipEntryIterator done
Event: 10.491 Loading class java/nio/StringCharBuffer
Event: 10.492 Loading class java/nio/StringCharBuffer done

Classes unloaded (0 events):
No events

Classes redefined (0 events):
No events

Internal exceptions (20 events):
Event: 10.033 Thread 0x0000013257832ee0 Exception <a 'java/lang/ClassNotFoundException'{0x00000000873d7fe8}: java/lang/ProcessImplCustomizer> (0x00000000873d7fe8) 
thrown [s\open\src\hotspot\share\classfile\systemDictionary.cpp, line 313]
Event: 10.122 Thread 0x0000013257832ee0 Exception <a 'java/lang/ClassNotFoundException'{0x0000000087221090}: java/io/FileBeanInfo> (0x0000000087221090) 
thrown [s\open\src\hotspot\share\classfile\systemDictionary.cpp, line 313]
Event: 10.122 Thread 0x0000013257832ee0 Exception <a 'java/lang/ClassNotFoundException'{0x00000000872269f0}: java/io/FileCustomizer> (0x00000000872269f0) 
thrown [s\open\src\hotspot\share\classfile\systemDictionary.cpp, line 313]
Event: 10.138 Thread 0x0000013257832ee0 Exception <a 'java/lang/ClassNotFoundException'{0x00000000872e17b0}: org/gradle/plugin/use/internal/PluginRequestCollector$PluginDependenciesSpecImplBeanInfo> (0x00000000872e17b0) 
thrown [s\open\src\hotspot\share\classfile\systemDictionary.cpp, line 313]
Event: 10.138 Thread 0x0000013257832ee0 Exception <a 'java/lang/ClassNotFoundException'{0x00000000872f1580}: org/gradle/plugin/use/internal/PluginRequestCollector$PluginDependenciesSpecImplCustomizer> (0x00000000872f1580) 
thrown [s\open\src\hotspot\share\classfile\systemDictionary.cpp, line 313]
Event: 10.139 Thread 0x0000013257832ee0 Exception <a 'java/lang/NoSuchMethodError'{0x00000000872ffbf0}: 'java.lang.Object java.lang.invoke.DirectMethodHandle$Holder.invokeVirtual(java.lang.Object, java.lang.Object, java.lang.Object, int)'> (0x00000000872ffbf0) 
thrown [s\open\src\hotspot\share\interpreter\linkResolver.cpp, line 774]
Event: 10.145 Thread 0x0000013257832ee0 Exception <a 'java/lang/IncompatibleClassChangeError'{0x0000000087185878}: Found class java.lang.Object, but interface was expected> (0x0000000087185878) 
thrown [s\open\src\hotspot\share\interpreter\linkResolver.cpp, line 841]
Event: 10.234 Thread 0x0000013257832ee0 Exception <a 'sun/nio/fs/WindowsException'{0x0000000086c6f2c8}> (0x0000000086c6f2c8) 
thrown [s\open\src\hotspot\share\prims\jni.cpp, line 520]
Event: 10.235 Thread 0x0000013257832ee0 Exception <a 'sun/nio/fs/WindowsException'{0x0000000086c70f90}> (0x0000000086c70f90) 
thrown [s\open\src\hotspot\share\prims\jni.cpp, line 520]
Event: 10.235 Thread 0x0000013257832ee0 Exception <a 'sun/nio/fs/WindowsException'{0x0000000086c72c48}> (0x0000000086c72c48) 
thrown [s\open\src\hotspot\share\prims\jni.cpp, line 520]
Event: 10.235 Thread 0x0000013257832ee0 Exception <a 'sun/nio/fs/WindowsException'{0x0000000086c748d8}> (0x0000000086c748d8) 
thrown [s\open\src\hotspot\share\prims\jni.cpp, line 520]
Event: 10.253 Thread 0x0000013257832ee0 Exception <a 'java/lang/NoSuchMethodError'{0x0000000086bc9468}: 'java.lang.Object java.lang.invoke.Invokers$Holder.invoker(java.lang.Object, java.lang.Object, java.lang.Object, java.lang.Object, java.lang.Object, java.lang.Object)'> (0x0000000086bc9468) 
thrown [s\open\src\hotspot\share\interpreter\linkResolver.cpp, line 774]
Event: 10.271 Thread 0x0000013257832ee0 Exception <a 'java/lang/NoSuchMethodError'{0x0000000086ab1d08}: 'java.lang.Object java.lang.invoke.Invokers$Holder.invoker(java.lang.Object, java.lang.Object, java.lang.Object, java.lang.Object, java.lang.Object)'> (0x0000000086ab1d08) 
thrown [s\open\src\hotspot\share\interpreter\linkResolver.cpp, line 774]
Event: 10.273 Thread 0x0000013257832ee0 Exception <a 'java/lang/NoSuchMethodError'{0x0000000086ace528}: 'java.lang.Object java.lang.invoke.DirectMethodHandle$Holder.invokeSpecial(java.lang.Object, java.lang.Object, java.lang.Object, java.lang.Object, java.lang.Object, java.lang.Object, java.lang.Object, java.lang.Object, java.lang.Object, java.lang.Object, java.lang.Object, java.lang.Object, java.lang.Object, java.lang.Object, java.lang.Object, java.lang.Object, java.lang.Object, java.lang.Object, java.lang.Object, java.lang.Object, java.lang.Ob
Event: 10.274 Thread 0x0000013257832ee0 Exception <a 'java/lang/NoSuchMethodError'{0x0000000086ad4950}: 'java.lang.Object java.lang.invoke.DelegatingMethodHandle$Holder.reinvoke_L(java.lang.Object, java.lang.Object, java.lang.Object, java.lang.Object, java.lang.Object, java.lang.Object, java.lang.Object, java.lang.Object, java.lang.Object, java.lang.Object, java.lang.Object, java.lang.Object, java.lang.Object, java.lang.Object, java.lang.Object, java.lang.Object, java.lang.Object, java.lang.Object, java.lang.Object, java.lang.Object, java.lang.O
Event: 10.274 Thread 0x0000013257832ee0 Exception <a 'java/lang/NoSuchMethodError'{0x0000000086ae0518}: 'java.lang.Object java.lang.invoke.Invokers$Holder.invoker(java.lang.Object, java.lang.Object, java.lang.Object, java.lang.Object, java.lang.Object, java.lang.Object, java.lang.Object, java.lang.Object, java.lang.Object, java.lang.Object, java.lang.Object, java.lang.Object, java.lang.Object, java.lang.Object, java.lang.Object, java.lang.Object, java.lang.Object, java.lang.Object, java.lang.Object, java.lang.Object, java.lang.Object, java.lang.
Event: 10.274 Thread 0x0000013257832ee0 Exception <a 'java/lang/NoSuchMethodError'{0x0000000086ae7140}: 'java.lang.Object java.lang.invoke.DelegatingMethodHandle$Holder.delegate(java.lang.Object, java.lang.Object, java.lang.Object, java.lang.Object, java.lang.Object, java.lang.Object, java.lang.Object, java.lang.Object, java.lang.Object, java.lang.Object, java.lang.Object, java.lang.Object, java.lang.Object, java.lang.Object, java.lang.Object, java.lang.Object, java.lang.Object, java.lang.Object, java.lang.Object, java.lang.Object, java.lang.Obj
Event: 10.429 Thread 0x0000013257832ee0 Exception <a 'sun/nio/fs/WindowsException'{0x00000000859b4648}> (0x00000000859b4648) 
thrown [s\open\src\hotspot\share\prims\jni.cpp, line 520]
Event: 10.430 Thread 0x0000013257832ee0 Exception <a 'sun/nio/fs/WindowsException'{0x00000000859b6418}> (0x00000000859b6418) 
thrown [s\open\src\hotspot\share\prims\jni.cpp, line 520]
Event: 10.459 Thread 0x0000013257832ee0 Implicit null exception at 0x0000013229cd0be6 to 0x0000013229cd1794

ZGC Phase Switch (0 events):
No events

VM Operations (20 events):
Event: 9.474 Executing VM operation: G1CollectForAllocation (G1 Evacuation Pause)
Event: 9.481 Executing VM operation: G1CollectForAllocation (G1 Evacuation Pause) done
Event: 9.854 Executing VM operation: HandshakeAllThreads (Deoptimize)
Event: 9.854 Executing VM operation: HandshakeAllThreads (Deoptimize) done
Event: 9.985 Executing VM operation: HandshakeAllThreads (Deoptimize)
Event: 9.985 Executing VM operation: HandshakeAllThreads (Deoptimize) done
Event: 10.037 Executing VM operation: HandshakeAllThreads (Deoptimize)
Event: 10.038 Executing VM operation: HandshakeAllThreads (Deoptimize) done
Event: 10.237 Executing VM operation: ICBufferFull
Event: 10.238 Executing VM operation: ICBufferFull done
Event: 10.445 Executing VM operation: HandshakeAllThreads (Deoptimize)
Event: 10.445 Executing VM operation: HandshakeAllThreads (Deoptimize) done
Event: 10.472 Executing VM operation: HandshakeAllThreads (Deoptimize)
Event: 10.472 Executing VM operation: HandshakeAllThreads (Deoptimize) done
Event: 10.514 Executing VM operation: HandshakeAllThreads (Deoptimize)
Event: 10.514 Executing VM operation: HandshakeAllThreads (Deoptimize) done
Event: 10.738 Executing VM operation: G1CollectForAllocation (G1 Evacuation Pause)
Event: 10.745 Executing VM operation: G1CollectForAllocation (G1 Evacuation Pause) done
Event: 11.137 Executing VM operation: G1CollectForAllocation (G1 Evacuation Pause)
Event: 11.143 Executing VM operation: G1CollectForAllocation (G1 Evacuation Pause) done

Events (20 events):
Event: 6.641 Thread 0x0000013236528c50 flushing nmethod 0x000001322230a610
Event: 6.641 Thread 0x0000013236528c50 flushing nmethod 0x000001322235a110
Event: 6.641 Thread 0x0000013236528c50 flushing nmethod 0x000001322235c690
Event: 6.641 Thread 0x0000013236528c50 flushing nmethod 0x000001322235d310
Event: 6.641 Thread 0x0000013236528c50 flushing nmethod 0x000001322235dc10
Event: 6.641 Thread 0x0000013236528c50 flushing nmethod 0x0000013222387190
Event: 7.091 Thread 0x0000013257d04f80 Thread added: 0x0000013257d04f80
Event: 7.455 Thread 0x000001325a8eee00 Thread exited: 0x000001325a8eee00
Event: 7.776 Thread 0x0000013257d06330 Thread added: 0x0000013257d06330
Event: 8.031 Thread 0x000001325a8ee730 Thread added: 0x000001325a8ee730
Event: 8.649 Thread 0x00000132584e7480 Thread added: 0x00000132584e7480
Event: 8.921 Thread 0x00000132584e4d20 Thread added: 0x00000132584e4d20
Event: 9.053 Thread 0x00000132584e3970 Thread added: 0x00000132584e3970
Event: 9.840 Thread 0x00000132584e7b10 Thread added: 0x00000132584e7b10
Event: 9.856 Thread 0x00000132584e5a40 Thread added: 0x00000132584e5a40
Event: 9.856 Thread 0x00000132584e0b80 Thread added: 0x00000132584e0b80
Event: 9.966 Thread 0x000001325a8ee730 Thread exited: 0x000001325a8ee730
Event: 9.967 Thread 0x000001325a8ed990 Thread exited: 0x000001325a8ed990
Event: 10.211 Thread 0x000001325a8ed990 Thread added: 0x000001325a8ed990
Event: 10.347 Thread 0x000001325a8ee730 Thread added: 0x000001325a8ee730


Dynamic libraries:
0x00007ff741f00000 - 0x00007ff741f10000 	C:\Program Files\Java\jdk-22\bin\java.exe
0x00007ffc7d1e0000 - 0x00007ffc7d3e7000 	C:\Windows\SYSTEM32\ntdll.dll
0x00007ffc7c770000 - 0x00007ffc7c82d000 	C:\Windows\System32\KERNEL32.DLL
0x00007ffc7a9b0000 - 0x00007ffc7ad22000 	C:\Windows\System32\KERNELBASE.dll
0x00007ffc7af90000 - 0x00007ffc7b0a1000 	C:\Windows\System32\ucrtbase.dll
0x00007ffc47ef0000 - 0x00007ffc47f07000 	C:\Program Files\Java\jdk-22\bin\jli.dll
0x00007ffc3b180000 - 0x00007ffc3b19b000 	C:\Program Files\Java\jdk-22\bin\VCRUNTIME140.dll
0x00007ffc7cbb0000 - 0x00007ffc7cc5c000 	C:\Windows\System32\ADVAPI32.dll
0x00007ffc7d080000 - 0x00007ffc7d123000 	C:\Windows\System32\msvcrt.dll
0x00007ffc7c590000 - 0x00007ffc7c62d000 	C:\Windows\System32\sechost.dll
0x00007ffc7c630000 - 0x00007ffc7c751000 	C:\Windows\System32\RPCRT4.dll
0x00007ffc7c090000 - 0x00007ffc7c23c000 	C:\Windows\System32\USER32.dll
0x00007ffc7aec0000 - 0x00007ffc7aee6000 	C:\Windows\System32\win32u.dll
0x00007ffc5c880000 - 0x00007ffc5cb25000 	C:\Windows\WinSxS\amd64_microsoft.windows.common-controls_6595b64144ccf1df_6.0.21996.1_none_7d6b053978bcd706\COMCTL32.dll
0x00007ffc7d030000 - 0x00007ffc7d059000 	C:\Windows\System32\GDI32.dll
0x00007ffc7ada0000 - 0x00007ffc7aeb2000 	C:\Windows\System32\gdi32full.dll
0x00007ffc7aef0000 - 0x00007ffc7af8d000 	C:\Windows\System32\msvcp_win.dll
0x00007ffc72350000 - 0x00007ffc7235a000 	C:\Windows\SYSTEM32\VERSION.dll
0x00007ffc7ce90000 - 0x00007ffc7cec1000 	C:\Windows\System32\IMM32.DLL
0x00007ffc60e10000 - 0x00007ffc60e1c000 	C:\Program Files\Java\jdk-22\bin\vcruntime140_1.dll
0x00007ffc3adf0000 - 0x00007ffc3ae7e000 	C:\Program Files\Java\jdk-22\bin\msvcp140.dll
0x00007ffc36800000 - 0x00007ffc37547000 	C:\Program Files\Java\jdk-22\bin\server\jvm.dll
0x00007ffc7ce20000 - 0x00007ffc7ce8f000 	C:\Windows\System32\WS2_32.dll
0x00007ffc799f0000 - 0x00007ffc79a3d000 	C:\Windows\SYSTEM32\POWRPROF.dll
0x00007ffc60f50000 - 0x00007ffc60f83000 	C:\Windows\SYSTEM32\WINMM.dll
0x00007ffc799d0000 - 0x00007ffc799e3000 	C:\Windows\SYSTEM32\UMPDC.dll
0x00007ffc79880000 - 0x00007ffc79897000 	C:\Windows\SYSTEM32\kernel.appcore.dll
0x00007ffc5dc20000 - 0x00007ffc5dc2a000 	C:\Program Files\Java\jdk-22\bin\jimage.dll
0x00007ffc78070000 - 0x00007ffc78291000 	C:\Windows\SYSTEM32\DBGHELP.DLL
0x00007ffc583f0000 - 0x00007ffc58421000 	C:\Windows\SYSTEM32\dbgcore.DLL
0x00007ffc7a870000 - 0x00007ffc7a8f0000 	C:\Windows\System32\bcryptPrimitives.dll
0x00007ffc556a0000 - 0x00007ffc556af000 	C:\Program Files\Java\jdk-22\bin\instrument.dll
0x00007ffc3b160000 - 0x00007ffc3b17e000 	C:\Program Files\Java\jdk-22\bin\java.dll
0x00007ffc7b590000 - 0x00007ffc7bcf9000 	C:\Windows\System32\SHELL32.dll
0x00007ffc7c3e0000 - 0x00007ffc7c57a000 	C:\Windows\System32\ole32.dll
0x00007ffc7c830000 - 0x00007ffc7cba5000 	C:\Windows\System32\combase.dll
0x00007ffc78880000 - 0x00007ffc790d8000 	C:\Windows\SYSTEM32\windows.storage.dll
0x00007ffc78710000 - 0x00007ffc78876000 	C:\Windows\SYSTEM32\wintypes.dll
0x00007ffc7c240000 - 0x00007ffc7c32a000 	C:\Windows\System32\SHCORE.dll
0x00007ffc7cfd0000 - 0x00007ffc7d02d000 	C:\Windows\System32\shlwapi.dll
0x00007ffc7a630000 - 0x00007ffc7a651000 	C:\Windows\SYSTEM32\profapi.dll
0x00007ffc3ad10000 - 0x00007ffc3ade7000 	C:\Program Files\Java\jdk-22\bin\jsvml.dll
0x00007ffc3b140000 - 0x00007ffc3b157000 	C:\Program Files\Java\jdk-22\bin\zip.dll
0x00007ffc551f0000 - 0x00007ffc55200000 	C:\Program Files\Java\jdk-22\bin\net.dll
0x00007ffc79d30000 - 0x00007ffc79d97000 	C:\Windows\system32\mswsock.dll
0x00007ffc3acf0000 - 0x00007ffc3ad06000 	C:\Program Files\Java\jdk-22\bin\nio.dll
0x00007ffc54eb0000 - 0x00007ffc54ec0000 	C:\Program Files\Java\jdk-22\bin\verify.dll
0x00007ffc47130000 - 0x00007ffc47157000 	C:\Users\hp\.gradle\native\c067742578af261105cb4f569cf0c3c89f3d7b1fecec35dd04571415982c5e48\windows-amd64\native-platform.dll
0x00007ffc39900000 - 0x00007ffc39a44000 	C:\Users\hp\.gradle\native\100fb08df4bc3b14c8652ba06237920a3bd2aa13389f12d3474272988ae205f9\windows-amd64\native-platform-file-events.dll
0x00007ffc514e0000 - 0x00007ffc514ea000 	C:\Program Files\Java\jdk-22\bin\management.dll
0x00007ffc50700000 - 0x00007ffc5070b000 	C:\Program Files\Java\jdk-22\bin\management_ext.dll
0x00007ffc7bd00000 - 0x00007ffc7bd08000 	C:\Windows\System32\PSAPI.DLL
0x00007ffc79f70000 - 0x00007ffc79f88000 	C:\Windows\SYSTEM32\CRYPTSP.dll
0x00007ffc797e0000 - 0x00007ffc79815000 	C:\Windows\system32\rsaenh.dll
0x00007ffc79e20000 - 0x00007ffc79e49000 	C:\Windows\SYSTEM32\USERENV.dll
0x00007ffc7a0f0000 - 0x00007ffc7a117000 	C:\Windows\SYSTEM32\bcrypt.dll
0x00007ffc79f90000 - 0x00007ffc79f9c000 	C:\Windows\SYSTEM32\CRYPTBASE.dll
0x00007ffc793f0000 - 0x00007ffc7941d000 	C:\Windows\SYSTEM32\IPHLPAPI.DLL
0x00007ffc7c760000 - 0x00007ffc7c769000 	C:\Windows\System32\NSI.dll
0x00007ffc4cef0000 - 0x00007ffc4cef9000 	C:\Program Files\Java\jdk-22\bin\extnet.dll
0x00007ffc470c0000 - 0x00007ffc470ce000 	C:\Program Files\Java\jdk-22\bin\sunmscapi.dll
0x00007ffc7a700000 - 0x00007ffc7a865000 	C:\Windows\System32\CRYPT32.dll
0x00007ffc7a0c0000 - 0x00007ffc7a0e8000 	C:\Windows\SYSTEM32\ncrypt.dll
0x00007ffc7a080000 - 0x00007ffc7a0b7000 	C:\Windows\SYSTEM32\NTASN1.dll
0x00007ffc5a0b0000 - 0x00007ffc5a0b8000 	C:\Windows\system32\wshunix.dll
0x00007ffc77da0000 - 0x00007ffc77dd4000 	C:\Windows\SYSTEM32\ntmarta.dll

dbghelp: loaded successfully - version: 4.0.5 - missing functions: none
symbol engine: initialized successfully - sym options: 0x614 - pdb path: .;C:\Program Files\Java\jdk-22\bin;C:\Windows\SYSTEM32;C:\Windows\WinSxS\amd64_microsoft.windows.common-controls_6595b64144ccf1df_6.0.21996.1_none_7d6b053978bcd706;C:\Program Files\Java\jdk-22\bin\server;C:\Users\hp\.gradle\native\c067742578af261105cb4f569cf0c3c89f3d7b1fecec35dd04571415982c5e48\windows-amd64;C:\Users\hp\.gradle\native\100fb08df4bc3b14c8652ba06237920a3bd2aa13389f12d3474272988ae205f9\windows-amd64

VM Arguments:
jvm_args: -XX:MaxMetaspaceSize=512m --add-opens=java.base/java.util=ALL-UNNAMED --add-opens=java.base/java.lang=ALL-UNNAMED --add-opens=java.base/java.lang.invoke=ALL-UNNAMED --add-opens=java.prefs/java.util.prefs=ALL-UNNAMED --add-opens=java.base/java.nio.charset=ALL-UNNAMED --add-opens=java.base/java.net=ALL-UNNAMED --add-opens=java.base/java.util.concurrent.atomic=ALL-UNNAMED -Xmx2048m -Dfile.encoding=utf8 -Duser.country=IN -Duser.language=en -Duser.variant -javaagent:C:\Users\hp\.gradle\wrapper\dists\gradle-8.8-all\6gdy1pgp427xkqcjbxw3ylt6h\gradle-8.8\lib\agents\gradle-instrumentation-agent-8.8.jar 
java_command: org.gradle.launcher.daemon.bootstrap.GradleDaemon 8.8
java_class_path (initial): C:\Users\hp\.gradle\wrapper\dists\gradle-8.8-all\6gdy1pgp427xkqcjbxw3ylt6h\gradle-8.8\lib\gradle-launcher-8.8.jar
Launcher Type: SUN_STANDARD

[Global flags]
     intx CICompilerCount                          = 4                                         {product} {ergonomic}
   size_t CompressedClassSpaceSize                 = 436207616                                 {product} {ergonomic}
     uint ConcGCThreads                            = 2                                         {product} {ergonomic}
     uint G1ConcRefinementThreads                  = 8                                         {product} {ergonomic}
   size_t G1HeapRegionSize                         = 1048576                                   {product} {ergonomic}
   size_t InitialHeapSize                          = 130023424                                 {product} {ergonomic}
   size_t MarkStackSize                            = 4194304                                   {product} {ergonomic}
   size_t MaxHeapSize                              = 2147483648                                {product} {command line}
   size_t MaxMetaspaceSize                         = 536870912                                 {product} {command line}
   size_t MaxNewSize                               = 1287651328                                {product} {ergonomic}
   size_t MinHeapDeltaBytes                        = 1048576                                   {product} {ergonomic}
   size_t MinHeapSize                              = 8388608                                   {product} {ergonomic}
    uintx NonNMethodCodeHeapSize                   = 5839372                                {pd product} {ergonomic}
    uintx NonProfiledCodeHeapSize                  = 122909434                              {pd product} {ergonomic}
    uintx ProfiledCodeHeapSize                     = 122909434                              {pd product} {ergonomic}
    uintx ReservedCodeCacheSize                    = 251658240                              {pd product} {ergonomic}
     bool SegmentedCodeCache                       = true                                      {product} {ergonomic}
   size_t SoftMaxHeapSize                          = 2147483648                             {manageable} {ergonomic}
     bool UseCompressedOops                        = true                           {product lp64_product} {ergonomic}
     bool UseG1GC                                  = true                                      {product} {ergonomic}
     bool UseLargePagesIndividualAllocation        = false                                  {pd product} {ergonomic}

Logging:
Log output configuration:
 #0: stdout all=warning uptime,level,tags foldmultilines=false
 #1: stderr all=off uptime,level,tags foldmultilines=false

Environment Variables:
PATH=C:\Program Files\Common Files\Oracle\Java\javapath;C:\Windows\system32;C:\Windows;C:\Windows\System32\Wbem;C:\Windows\System32\WindowsPowerShell\v1.0\;C:\Windows\System32\OpenSSH\;C:\Program Files\nodejs\;C:\Program Files\Git\cmd;C:\Program Files\Java\jdk-22\bin;C:\Users\hp\.cargo\bin;C:\Users\hp\AppData\Local\Programs\Python\Launcher\;C:\Users\hp\Downloads\kotlin-native-windows-x86_64-1.9.23\bin;C:\Users\hp\AppData\Local\Microsoft\WindowsApps;C:\Users\hp\AppData\Local\Programs\Microsoft VS Code\bin;D:\Yashvanth\MSY2\ucrt64\bin;D:\modelsim_ase\win32aloem;C:\Users\hp\AppData\Local\Programs\Python\Python312\Scripts;D:\Yashvanth\MSY2\ucrt64\bin;C:\Users\hp\AppData\Roaming\npm;C:\Program Files\JetBrains\IntelliJ IDEA Community Edition 2024.1\bin;;C:\Users\hp\AppData\Local\GitHubDesktop\bin
USERNAME=hp
OS=Windows_NT
PROCESSOR_IDENTIFIER=Intel64 Family 6 Model 140 Stepping 1, GenuineIntel
TMP=C:\Users\hp\AppData\Local\Temp
TEMP=C:\Users\hp\AppData\Local\Temp




Periodic native trim disabled

---------------  S Y S T E M  ---------------

OS:
 Windows 10 , 64 bit Build 21996 (10.0.21996.1)
OS uptime: 0 days 0:33 hours
Hyper-V role detected

CPU: total 8 (initial active 8) (4 cores per cpu, 2 threads per core) family 6 model 140 stepping 1 microcode 0x86, cx8, cmov, fxsr, ht, mmx, 3dnowpref, sse, sse2, sse3, ssse3, sse4.1, sse4.2, popcnt, lzcnt, tsc, tscinvbit, avx, avx2, aes, erms, clmul, bmi1, bmi2, adx, avx512f, avx512dq, avx512cd, avx512bw, avx512vl, sha, fma, vzeroupper, avx512_vpopcntdq, avx512_vpclmulqdq, avx512_vaes, avx512_vnni, clflush, clflushopt, clwb, avx512_vbmi2, avx512_vbmi, hv, rdtscp, rdpid, fsrm, gfni, avx512_bitalg, f16c, cet_ibt, cet_ss, avx512_ifma
Processor Information for processor 0
  Max Mhz: 2419, Current Mhz: 2419, Mhz Limit: 2419
Processor Information for processor 1
  Max Mhz: 2419, Current Mhz: 1007, Mhz Limit: 2419
Processor Information for processor 2
  Max Mhz: 2419, Current Mhz: 2419, Mhz Limit: 2419
Processor Information for processor 3
  Max Mhz: 2419, Current Mhz: 2419, Mhz Limit: 2419
Processor Information for processor 4
  Max Mhz: 2419, Current Mhz: 2419, Mhz Limit: 2419
Processor Information for processor 5
  Max Mhz: 2419, Current Mhz: 1007, Mhz Limit: 2419
Processor Information for processor 6
  Max Mhz: 2419, Current Mhz: 2419, Mhz Limit: 2419
Processor Information for processor 7
  Max Mhz: 2419, Current Mhz: 2419, Mhz Limit: 2419

Memory: 4k page, system-wide physical 7932M (709M free)
TotalPageFile size 7932M (AvailPageFile size 5M)
current process WorkingSet (physical memory assigned to process): 347M, peak: 347M
current process commit charge ("private bytes"): 388M, peak: 390M

vm_info: Java HotSpot(TM) 64-Bit Server VM (22.0.1+8-16) for windows-amd64 JRE (22.0.1+8-16), built on 2024-03-12T10:33:16Z by "mach5one" with MS VC++ 17.6 (VS2022)

END.
