#
# There is insufficient memory for the Java Runtime Environment to continue.
# Native memory allocation (malloc) failed to allocate 32744 bytes. Error detail: ChunkPool::allocate
# Possible reasons:
#   The system is out of physical RAM or swap space
#   This process is running with CompressedOops enabled, and the Java Heap may be blocking the growth of the native heap
# Possible solutions:
#   Reduce memory load on the system
#   Increase physical memory or swap space
#   Check if swap backing store is full
#   Decrease Java heap size (-Xmx/-Xms)
#   Decrease number of Java threads
#   Decrease Java thread stack sizes (-Xss)
#   Set larger code cache with -XX:ReservedCodeCacheSize=
#   JVM is running with Unscaled Compressed Oops mode in which the Java heap is
#     placed in the first 4GB address space. The Java Heap base address is the
#     maximum limit for the native heap growth. Please use -XX:HeapBaseMinAddress
#     to set the Java Heap base and to place the Java Heap above 4GB virtual address.
# This output file may be truncated or incomplete.
#
#  Out of Memory Error (arena.cpp:79), pid=6352, tid=2544
#
# JRE version: OpenJDK Runtime Environment Temurin-17.0.12+7 (17.0.12+7) (build 17.0.12+7)
# Java VM: OpenJDK 64-Bit Server VM Temurin-17.0.12+7 (17.0.12+7, mixed mode, tiered, compressed oops, compressed class ptrs, parallel gc, windows-amd64)
# No core dump will be written. Minidumps are not enabled by default on client versions of Windows
#

---------------  S U M M A R Y ------------

Command Line: --add-modules=ALL-SYSTEM --add-opens=java.base/java.util=ALL-UNNAMED --add-opens=java.base/java.lang=ALL-UNNAMED --add-opens=java.base/sun.nio.fs=ALL-UNNAMED -Declipse.application=org.eclipse.jdt.ls.core.id1 -Dosgi.bundles.defaultStartLevel=4 -Declipse.product=org.eclipse.jdt.ls.core.product -Djava.import.generatesMetadataFilesAtProjectRoot=false -DDetectVMInstallationsJob.disabled=true -Dfile.encoding=utf8 -XX:+UseParallelGC -XX:GCTimeRatio=4 -XX:AdaptiveSizePolicyWeight=90 -Dsun.zip.disableMemoryMapping=true -Xmx1G -Xms100m -Xlog:disable -javaagent:c:\Users\hp\.vscode\extensions\redhat.java-1.34.0-win32-x64\lombok\lombok-1.18.33.jar c:\Users\hp\.vscode\extensions\redhat.java-1.34.0-win32-x64\server\plugins\org.eclipse.equinox.launcher_1.6.900.v20240613-2009.jar -configuration c:\Users\hp\AppData\Roaming\Code\User\globalStorage\redhat.java\1.34.0\config_ss_win -data c:\Users\hp\AppData\Roaming\Code\User\workspaceStorage\d35a6b306583b7b7db0f309dfb663d8a\redhat.java\ss_ws --pipe=\\.\pipe\lsp-4d0b994bab6d3ae7d52bcb5d998af7e2-sock

Host: 11th Gen Intel(R) Core(TM) i5-1135G7 @ 2.40GHz, 8 cores, 7G,  Windows 10 , 64 bit Build 21996 (10.0.21996.1)
Time: Sun Sep 22 14:13:34 2024 India Standard Time elapsed time: 5.159726 seconds (0d 0h 0m 5s)

---------------  T H R E A D  ---------------

Current thread (0x00000251a965ea40):  JavaThread "C2 CompilerThread0" daemon [_thread_in_native, id=2544, stack(0x0000006eebc00000,0x0000006eebd00000)]


Current CompileTask:
C2:   5159 2285       4       org.lombokweb.asm.ClassReader::readMethod (1066 bytes)

Stack: [0x0000006eebc00000,0x0000006eebd00000]
Native frames: (J=compiled Java code, j=interpreted, Vv=VM code, C=native code)
V  [jvm.dll+0x67f929]
V  [jvm.dll+0x8371ba]
V  [jvm.dll+0x838c7e]
V  [jvm.dll+0x8392e3]
V  [jvm.dll+0x24834f]
V  [jvm.dll+0xacbd1]
V  [jvm.dll+0xad01c]
V  [jvm.dll+0x6106ef]
V  [jvm.dll+0x6115e2]
V  [jvm.dll+0x60fb1a]
V  [jvm.dll+0x21a728]
V  [jvm.dll+0x219cf1]
V  [jvm.dll+0x1a58bd]
V  [jvm.dll+0x229a2d]
V  [jvm.dll+0x227bdc]
V  [jvm.dll+0x7ec1f7]
V  [jvm.dll+0x7e65dc]
V  [jvm.dll+0x67e7f7]
C  [ucrtbase.dll+0x26c0c]
C  [KERNEL32.DLL+0x154e0]
C  [ntdll.dll+0x485b]


---------------  P R O C E S S  ---------------

Threads class SMR info:
_java_thread_list=0x00000251b0481000, length=21, elements={
0x00000251957bcb00, 0x0000025195874d20, 0x0000025195876300, 0x00000251a965bf50,
0x00000251a965c820, 0x00000251a965d2e0, 0x00000251a965dca0, 0x00000251a965ea40,
0x00000251ae9f9860, 0x00000251aea39d80, 0x000002519581fe00, 0x00000251af8ce980,
0x00000251afe04de0, 0x00000251b01402e0, 0x00000251afed8cd0, 0x00000251b014ae20,
0x00000251b01a1fe0, 0x00000251b0257e10, 0x00000251b02564c0, 0x00000251b0255080,
0x00000251b07a6040
}

Java Threads: ( => current thread )
  0x00000251957bcb00 JavaThread "main" [_thread_blocked, id=11180, stack(0x0000006eeb300000,0x0000006eeb400000)]
  0x0000025195874d20 JavaThread "Reference Handler" daemon [_thread_blocked, id=8824, stack(0x0000006eeb600000,0x0000006eeb700000)]
  0x0000025195876300 JavaThread "Finalizer" daemon [_thread_blocked, id=7444, stack(0x0000006eeb700000,0x0000006eeb800000)]
  0x00000251a965bf50 JavaThread "Signal Dispatcher" daemon [_thread_blocked, id=5000, stack(0x0000006eeb800000,0x0000006eeb900000)]
  0x00000251a965c820 JavaThread "Attach Listener" daemon [_thread_blocked, id=1376, stack(0x0000006eeb900000,0x0000006eeba00000)]
  0x00000251a965d2e0 JavaThread "Service Thread" daemon [_thread_blocked, id=3932, stack(0x0000006eeba00000,0x0000006eebb00000)]
  0x00000251a965dca0 JavaThread "Monitor Deflation Thread" daemon [_thread_blocked, id=2784, stack(0x0000006eebb00000,0x0000006eebc00000)]
=>0x00000251a965ea40 JavaThread "C2 CompilerThread0" daemon [_thread_in_native, id=2544, stack(0x0000006eebc00000,0x0000006eebd00000)]
  0x00000251ae9f9860 JavaThread "C1 CompilerThread0" daemon [_thread_blocked, id=7348, stack(0x0000006eebd00000,0x0000006eebe00000)]
  0x00000251aea39d80 JavaThread "Sweeper thread" daemon [_thread_blocked, id=3412, stack(0x0000006eebe00000,0x0000006eebf00000)]
  0x000002519581fe00 JavaThread "Common-Cleaner" daemon [_thread_blocked, id=10844, stack(0x0000006eebf00000,0x0000006eec000000)]
  0x00000251af8ce980 JavaThread "Notification Thread" daemon [_thread_blocked, id=2440, stack(0x0000006eec000000,0x0000006eec100000)]
  0x00000251afe04de0 JavaThread "Active Thread: Equinox Container: 50d1c990-e616-447d-9dbe-d9b30fb039f6" [_thread_blocked, id=5304, stack(0x0000006eec900000,0x0000006eeca00000)]
  0x00000251b01402e0 JavaThread "Framework Event Dispatcher: Equinox Container: 50d1c990-e616-447d-9dbe-d9b30fb039f6" daemon [_thread_blocked, id=2668, stack(0x0000006eeca00000,0x0000006eecb00000)]
  0x00000251afed8cd0 JavaThread "Start Level: Equinox Container: 50d1c990-e616-447d-9dbe-d9b30fb039f6" daemon [_thread_in_vm, id=9800, stack(0x0000006eecb00000,0x0000006eecc00000)]
  0x00000251b014ae20 JavaThread "SCR Component Actor" daemon [_thread_blocked, id=10456, stack(0x0000006eecc00000,0x0000006eecd00000)]
  0x00000251b01a1fe0 JavaThread "SCR Component Registry" daemon [_thread_blocked, id=2720, stack(0x0000006eecd00000,0x0000006eece00000)]
  0x00000251b0257e10 JavaThread "Worker-JM" [_thread_blocked, id=2260, stack(0x0000006eece00000,0x0000006eecf00000)]
  0x00000251b02564c0 JavaThread "Worker-0" [_thread_blocked, id=11512, stack(0x0000006eecf00000,0x0000006eed000000)]
  0x00000251b0255080 JavaThread "Worker-1" [_thread_blocked, id=5700, stack(0x0000006eed000000,0x0000006eed100000)]
  0x00000251b07a6040 JavaThread "C2 CompilerThread1" daemon [_thread_in_native, id=10348, stack(0x0000006eed100000,0x0000006eed200000)]

Other Threads:
  0x00000251ae9b0c20 VMThread "VM Thread" [stack: 0x0000006eeb500000,0x0000006eeb600000] [id=8204]
  0x00000251af878b10 WatcherThread [stack: 0x0000006eec100000,0x0000006eec200000] [id=11416]
  0x00000251957d1c10 GCTaskThread "GC Thread#0" [stack: 0x0000006eeb400000,0x0000006eeb500000] [id=7528]
  0x00000251affbb220 GCTaskThread "GC Thread#1" [stack: 0x0000006eec300000,0x0000006eec400000] [id=6136]
  0x00000251afc9bf40 GCTaskThread "GC Thread#2" [stack: 0x0000006eec400000,0x0000006eec500000] [id=5544]
  0x00000251afc9c200 GCTaskThread "GC Thread#3" [stack: 0x0000006eec500000,0x0000006eec600000] [id=11636]
  0x00000251afe077c0 GCTaskThread "GC Thread#4" [stack: 0x0000006eec600000,0x0000006eec700000] [id=4828]
  0x00000251afe08290 GCTaskThread "GC Thread#5" [stack: 0x0000006eec700000,0x0000006eec800000] [id=9892]
  0x00000251afe08550 GCTaskThread "GC Thread#6" [stack: 0x0000006eec800000,0x0000006eec900000] [id=11316]
  0x00000251b00e2260 GCTaskThread "GC Thread#7" [stack: 0x0000006eec200000,0x0000006eec300000] [id=9504]

Threads with active compile tasks:
C2 CompilerThread0     5180 2285       4       org.lombokweb.asm.ClassReader::readMethod (1066 bytes)
C2 CompilerThread1     5180 2350   !   4       org.eclipse.osgi.internal.loader.BundleLoader::getModuleClassLoader (196 bytes)

VM state: not at safepoint (normal execution)

VM Mutex/Monitor currently owned by a thread:  ([mutex/lock_event])
[0x00000251957b7790] Metaspace_lock - owner thread: 0x00000251afed8cd0

Heap address: 0x00000000c0000000, size: 1024 MB, Compressed Oops mode: 32-bit

CDS archive(s) not mapped
Compressed class space mapped at: 0x0000000100000000-0x0000000140000000, reserved size: 1073741824
Narrow klass base: 0x0000000000000000, Narrow klass shift: 3, Narrow klass range: 0x140000000

GC Precious Log:
 CPUs: 8 total, 8 available
 Memory: 7932M
 Large Page Support: Disabled
 NUMA Support: Disabled
 Compressed Oops: Enabled (32-bit)
 Alignments: Space 512K, Generation 512K, Heap 2M
 Heap Min Capacity: 100M
 Heap Initial Capacity: 100M
 Heap Max Capacity: 1G
 Pre-touch: Disabled
 Parallel Workers: 8

Heap:
 PSYoungGen      total 27136K, used 4386K [0x00000000eab00000, 0x00000000ec900000, 0x0000000100000000)
  eden space 24576K, 7% used [0x00000000eab00000,0x00000000eaccd130,0x00000000ec300000)
  from space 2560K, 99% used [0x00000000ec600000,0x00000000ec87b9a0,0x00000000ec880000)
  to   space 3072K, 0% used [0x00000000ec300000,0x00000000ec300000,0x00000000ec600000)
 ParOldGen       total 68608K, used 6882K [0x00000000c0000000, 0x00000000c4300000, 0x00000000eab00000)
  object space 68608K, 10% used [0x00000000c0000000,0x00000000c06b8a58,0x00000000c4300000)
 Metaspace       used 26771K, committed 27200K, reserved 1114112K
  class space    used 2586K, committed 2752K, reserved 1048576K

Card table byte_map: [0x0000025195160000,0x0000025195370000] _byte_map_base: 0x0000025194b60000

Marking Bits: (ParMarkBitMap*) 0x00007ffc336e58b0
 Begin Bits: [0x00000251a7460000, 0x00000251a8460000)
 End Bits:   [0x00000251a8460000, 0x00000251a9460000)

Polling page: 0x0000025193670000

Metaspace:

Usage:
  Non-class:     23.62 MB used.
      Class:      2.53 MB used.
       Both:     26.14 MB used.

Virtual space:
  Non-class space:       64.00 MB reserved,      23.88 MB ( 37%) committed,  1 nodes.
      Class space:        1.00 GB reserved,       2.69 MB ( <1%) committed,  1 nodes.
             Both:        1.06 GB reserved,      26.56 MB (  2%) committed. 

Chunk freelists:
   Non-Class:  7.37 MB
       Class:  13.34 MB
        Both:  20.71 MB

MaxMetaspaceSize: unlimited
CompressedClassSpaceSize: 1.00 GB
Initial GC threshold: 21.00 MB
Current GC threshold: 35.00 MB
CDS: off
MetaspaceReclaimPolicy: balanced
 - commit_granule_bytes: 65536.
 - commit_granule_words: 8192.
 - virtual_space_node_default_size: 8388608.
 - enlarge_chunks_in_place: 1.
 - new_chunks_are_fully_committed: 0.
 - uncommit_free_chunks: 1.
 - use_allocation_guard: 0.
 - handle_deallocations: 1.


Internal statistics:

num_allocs_failed_limit: 3.
num_arena_births: 284.
num_arena_deaths: 14.
num_vsnodes_births: 2.
num_vsnodes_deaths: 0.
num_space_committed: 425.
num_space_uncommitted: 0.
num_chunks_returned_to_freelist: 17.
num_chunks_taken_from_freelist: 997.
num_chunk_merges: 8.
num_chunk_splits: 656.
num_chunks_enlarged: 463.
num_inconsistent_stats: 0.

CodeHeap 'non-profiled nmethods': size=120000Kb used=961Kb max_used=961Kb free=119038Kb
 bounds [0x000002519ff30000, 0x00000251a01a0000, 0x00000251a7460000]
CodeHeap 'profiled nmethods': size=120000Kb used=4672Kb max_used=4672Kb free=115327Kb
 bounds [0x0000025198460000, 0x0000025198900000, 0x000002519f990000]
CodeHeap 'non-nmethods': size=5760Kb used=1236Kb max_used=1250Kb free=4523Kb
 bounds [0x000002519f990000, 0x000002519fc00000, 0x000002519ff30000]
 total_blobs=2884 nmethods=2347 adapters=451
 compilation: enabled
              stopped_count=0, restarted_count=0
 full_count=0

Compilation events (20 events):
Event: 5.137 Thread 0x00000251ae9f9860 nmethod 2336 0x00000251988e6210 code [0x00000251988e68a0, 0x00000251988ebd78]
Event: 5.137 Thread 0x00000251ae9f9860 2343       3       org.eclipse.core.internal.preferences.DefaultPreferences::getScopeRelativePath (43 bytes)
Event: 5.138 Thread 0x00000251ae9f9860 nmethod 2343 0x00000251988ed110 code [0x00000251988ed340, 0x00000251988edac8]
Event: 5.138 Thread 0x00000251ae9f9860 2337       3       org.eclipse.core.internal.preferences.PreferencesService::getRootNode (4 bytes)
Event: 5.138 Thread 0x00000251ae9f9860 nmethod 2337 0x00000251988edd90 code [0x00000251988edf20, 0x00000251988ee038]
Event: 5.138 Thread 0x00000251ae9f9860 2338       3       org.eclipse.core.internal.preferences.DefaultPreferences::getLoadLevel (52 bytes)
Event: 5.139 Thread 0x00000251ae9f9860 nmethod 2338 0x00000251988ee110 code [0x00000251988ee300, 0x00000251988ee978]
Event: 5.146 Thread 0x00000251ae9f9860 2344       3       java.util.HashMap::entrySet (27 bytes)
Event: 5.146 Thread 0x00000251ae9f9860 nmethod 2344 0x00000251988eeb90 code [0x00000251988eed60, 0x00000251988ef0d8]
Event: 5.146 Thread 0x00000251ae9f9860 2345       3       java.util.HashMap$EntrySet::iterator (12 bytes)
Event: 5.147 Thread 0x00000251ae9f9860 nmethod 2345 0x00000251988ef210 code [0x00000251988ef3c0, 0x00000251988ef5e8]
Event: 5.147 Thread 0x00000251ae9f9860 2346       3       org.eclipse.core.internal.registry.Handle::<init> (15 bytes)
Event: 5.147 Thread 0x00000251ae9f9860 nmethod 2346 0x00000251988ef710 code [0x00000251988ef8a0, 0x00000251988efa18]
Event: 5.148 Thread 0x00000251ae9f9860 2347       3       java.lang.reflect.Field::getFieldAccessor (35 bytes)
Event: 5.148 Thread 0x00000251ae9f9860 nmethod 2347 0x00000251988efb10 code [0x00000251988efcc0, 0x00000251988efea8]
Event: 5.148 Thread 0x00000251ae9f9860 2348       3       java.lang.reflect.Field::checkAccess (32 bytes)
Event: 5.148 Thread 0x00000251ae9f9860 nmethod 2348 0x00000251a001ff90 code [0x00000251a0020140, 0x00000251a00203c8]
Event: 5.149 Thread 0x00000251ae9f9860 2349       3       jdk.internal.loader.BuiltinClassLoader::hasClassPath (13 bytes)
Event: 5.150 Thread 0x00000251ae9f9860 nmethod 2349 0x00000251988eff90 code [0x00000251988f0120, 0x00000251988f0298]
Event: 5.156 Thread 0x00000251b07a6040 2350   !   4       org.eclipse.osgi.internal.loader.BundleLoader::getModuleClassLoader (196 bytes)

GC Heap History (14 events):
Event: 1.697 GC heap before
{Heap before GC invocations=1 (full 0):
 PSYoungGen      total 29696K, used 25600K [0x00000000eab00000, 0x00000000ecc00000, 0x0000000100000000)
  eden space 25600K, 100% used [0x00000000eab00000,0x00000000ec400000,0x00000000ec400000)
  from space 4096K, 0% used [0x00000000ec800000,0x00000000ec800000,0x00000000ecc00000)
  to   space 4096K, 0% used [0x00000000ec400000,0x00000000ec400000,0x00000000ec800000)
 ParOldGen       total 68608K, used 0K [0x00000000c0000000, 0x00000000c4300000, 0x00000000eab00000)
  object space 68608K, 0% used [0x00000000c0000000,0x00000000c0000000,0x00000000c4300000)
 Metaspace       used 10994K, committed 11200K, reserved 1114112K
  class space    used 1097K, committed 1216K, reserved 1048576K
}
Event: 1.725 GC heap after
{Heap after GC invocations=1 (full 0):
 PSYoungGen      total 29696K, used 3156K [0x00000000eab00000, 0x00000000ecc00000, 0x0000000100000000)
  eden space 25600K, 0% used [0x00000000eab00000,0x00000000eab00000,0x00000000ec400000)
  from space 4096K, 77% used [0x00000000ec400000,0x00000000ec7152f0,0x00000000ec800000)
  to   space 4096K, 0% used [0x00000000ec800000,0x00000000ec800000,0x00000000ecc00000)
 ParOldGen       total 68608K, used 0K [0x00000000c0000000, 0x00000000c4300000, 0x00000000eab00000)
  object space 68608K, 0% used [0x00000000c0000000,0x00000000c0000000,0x00000000c4300000)
 Metaspace       used 10994K, committed 11200K, reserved 1114112K
  class space    used 1097K, committed 1216K, reserved 1048576K
}
Event: 2.915 GC heap before
{Heap before GC invocations=2 (full 0):
 PSYoungGen      total 29696K, used 28756K [0x00000000eab00000, 0x00000000ecc00000, 0x0000000100000000)
  eden space 25600K, 100% used [0x00000000eab00000,0x00000000ec400000,0x00000000ec400000)
  from space 4096K, 77% used [0x00000000ec400000,0x00000000ec7152f0,0x00000000ec800000)
  to   space 4096K, 0% used [0x00000000ec800000,0x00000000ec800000,0x00000000ecc00000)
 ParOldGen       total 68608K, used 0K [0x00000000c0000000, 0x00000000c4300000, 0x00000000eab00000)
  object space 68608K, 0% used [0x00000000c0000000,0x00000000c0000000,0x00000000c4300000)
 Metaspace       used 14740K, committed 15040K, reserved 1114112K
  class space    used 1495K, committed 1664K, reserved 1048576K
}
Event: 2.922 GC heap after
{Heap after GC invocations=2 (full 0):
 PSYoungGen      total 29696K, used 4067K [0x00000000eab00000, 0x00000000ecc00000, 0x0000000100000000)
  eden space 25600K, 0% used [0x00000000eab00000,0x00000000eab00000,0x00000000ec400000)
  from space 4096K, 99% used [0x00000000ec800000,0x00000000ecbf8f90,0x00000000ecc00000)
  to   space 4096K, 0% used [0x00000000ec400000,0x00000000ec400000,0x00000000ec800000)
 ParOldGen       total 68608K, used 782K [0x00000000c0000000, 0x00000000c4300000, 0x00000000eab00000)
  object space 68608K, 1% used [0x00000000c0000000,0x00000000c00c3b50,0x00000000c4300000)
 Metaspace       used 14740K, committed 15040K, reserved 1114112K
  class space    used 1495K, committed 1664K, reserved 1048576K
}
Event: 4.137 GC heap before
{Heap before GC invocations=3 (full 0):
 PSYoungGen      total 29696K, used 29667K [0x00000000eab00000, 0x00000000ecc00000, 0x0000000100000000)
  eden space 25600K, 100% used [0x00000000eab00000,0x00000000ec400000,0x00000000ec400000)
  from space 4096K, 99% used [0x00000000ec800000,0x00000000ecbf8f90,0x00000000ecc00000)
  to   space 4096K, 0% used [0x00000000ec400000,0x00000000ec400000,0x00000000ec800000)
 ParOldGen       total 68608K, used 782K [0x00000000c0000000, 0x00000000c4300000, 0x00000000eab00000)
  object space 68608K, 1% used [0x00000000c0000000,0x00000000c00c3b50,0x00000000c4300000)
 Metaspace       used 19774K, committed 20160K, reserved 1114112K
  class space    used 2021K, committed 2176K, reserved 1048576K
}
Event: 4.142 GC heap after
{Heap after GC invocations=3 (full 0):
 PSYoungGen      total 29696K, used 4074K [0x00000000eab00000, 0x00000000ecc00000, 0x0000000100000000)
  eden space 25600K, 0% used [0x00000000eab00000,0x00000000eab00000,0x00000000ec400000)
  from space 4096K, 99% used [0x00000000ec400000,0x00000000ec7fabc0,0x00000000ec800000)
  to   space 4096K, 0% used [0x00000000ec800000,0x00000000ec800000,0x00000000ecc00000)
 ParOldGen       total 68608K, used 2440K [0x00000000c0000000, 0x00000000c4300000, 0x00000000eab00000)
  object space 68608K, 3% used [0x00000000c0000000,0x00000000c0262270,0x00000000c4300000)
 Metaspace       used 19774K, committed 20160K, reserved 1114112K
  class space    used 2021K, committed 2176K, reserved 1048576K
}
Event: 4.437 GC heap before
{Heap before GC invocations=4 (full 0):
 PSYoungGen      total 29696K, used 11609K [0x00000000eab00000, 0x00000000ecc00000, 0x0000000100000000)
  eden space 25600K, 29% used [0x00000000eab00000,0x00000000eb25b930,0x00000000ec400000)
  from space 4096K, 99% used [0x00000000ec400000,0x00000000ec7fabc0,0x00000000ec800000)
  to   space 4096K, 0% used [0x00000000ec800000,0x00000000ec800000,0x00000000ecc00000)
 ParOldGen       total 68608K, used 2440K [0x00000000c0000000, 0x00000000c4300000, 0x00000000eab00000)
  object space 68608K, 3% used [0x00000000c0000000,0x00000000c0262270,0x00000000c4300000)
 Metaspace       used 21185K, committed 21504K, reserved 1114112K
  class space    used 2178K, committed 2304K, reserved 1048576K
}
Event: 4.441 GC heap after
{Heap after GC invocations=4 (full 0):
 PSYoungGen      total 29696K, used 4080K [0x00000000eab00000, 0x00000000ecc00000, 0x0000000100000000)
  eden space 25600K, 0% used [0x00000000eab00000,0x00000000eab00000,0x00000000ec400000)
  from space 4096K, 99% used [0x00000000ec800000,0x00000000ecbfc3b0,0x00000000ecc00000)
  to   space 4096K, 0% used [0x00000000ec400000,0x00000000ec400000,0x00000000ec800000)
 ParOldGen       total 68608K, used 2983K [0x00000000c0000000, 0x00000000c4300000, 0x00000000eab00000)
  object space 68608K, 4% used [0x00000000c0000000,0x00000000c02e9e20,0x00000000c4300000)
 Metaspace       used 21185K, committed 21504K, reserved 1114112K
  class space    used 2178K, committed 2304K, reserved 1048576K
}
Event: 4.441 GC heap before
{Heap before GC invocations=5 (full 1):
 PSYoungGen      total 29696K, used 4080K [0x00000000eab00000, 0x00000000ecc00000, 0x0000000100000000)
  eden space 25600K, 0% used [0x00000000eab00000,0x00000000eab00000,0x00000000ec400000)
  from space 4096K, 99% used [0x00000000ec800000,0x00000000ecbfc3b0,0x00000000ecc00000)
  to   space 4096K, 0% used [0x00000000ec400000,0x00000000ec400000,0x00000000ec800000)
 ParOldGen       total 68608K, used 2983K [0x00000000c0000000, 0x00000000c4300000, 0x00000000eab00000)
  object space 68608K, 4% used [0x00000000c0000000,0x00000000c02e9e20,0x00000000c4300000)
 Metaspace       used 21185K, committed 21504K, reserved 1114112K
  class space    used 2178K, committed 2304K, reserved 1048576K
}
Event: 4.468 GC heap after
{Heap after GC invocations=5 (full 1):
 PSYoungGen      total 29696K, used 0K [0x00000000eab00000, 0x00000000ecc00000, 0x0000000100000000)
  eden space 25600K, 0% used [0x00000000eab00000,0x00000000eab00000,0x00000000ec400000)
  from space 4096K, 0% used [0x00000000ec800000,0x00000000ec800000,0x00000000ecc00000)
  to   space 4096K, 0% used [0x00000000ec400000,0x00000000ec400000,0x00000000ec800000)
 ParOldGen       total 68608K, used 6866K [0x00000000c0000000, 0x00000000c4300000, 0x00000000eab00000)
  object space 68608K, 10% used [0x00000000c0000000,0x00000000c06b4a58,0x00000000c4300000)
 Metaspace       used 21172K, committed 21504K, reserved 1114112K
  class space    used 2175K, committed 2304K, reserved 1048576K
}
Event: 4.858 GC heap before
{Heap before GC invocations=6 (full 1):
 PSYoungGen      total 29696K, used 25600K [0x00000000eab00000, 0x00000000ecc00000, 0x0000000100000000)
  eden space 25600K, 100% used [0x00000000eab00000,0x00000000ec400000,0x00000000ec400000)
  from space 4096K, 0% used [0x00000000ec800000,0x00000000ec800000,0x00000000ecc00000)
  to   space 4096K, 0% used [0x00000000ec400000,0x00000000ec400000,0x00000000ec800000)
 ParOldGen       total 68608K, used 6866K [0x00000000c0000000, 0x00000000c4300000, 0x00000000eab00000)
  object space 68608K, 10% used [0x00000000c0000000,0x00000000c06b4a58,0x00000000c4300000)
 Metaspace       used 24317K, committed 24704K, reserved 1114112K
  class space    used 2384K, committed 2496K, reserved 1048576K
}
Event: 4.859 GC heap after
{Heap after GC invocations=6 (full 1):
 PSYoungGen      total 26112K, used 606K [0x00000000eab00000, 0x00000000ec880000, 0x0000000100000000)
  eden space 25088K, 0% used [0x00000000eab00000,0x00000000eab00000,0x00000000ec380000)
  from space 1024K, 59% used [0x00000000ec400000,0x00000000ec497850,0x00000000ec500000)
  to   space 2560K, 0% used [0x00000000ec600000,0x00000000ec600000,0x00000000ec880000)
 ParOldGen       total 68608K, used 6874K [0x00000000c0000000, 0x00000000c4300000, 0x00000000eab00000)
  object space 68608K, 10% used [0x00000000c0000000,0x00000000c06b6a58,0x00000000c4300000)
 Metaspace       used 24317K, committed 24704K, reserved 1114112K
  class space    used 2384K, committed 2496K, reserved 1048576K
}
Event: 5.130 GC heap before
{Heap before GC invocations=7 (full 1):
 PSYoungGen      total 26112K, used 25694K [0x00000000eab00000, 0x00000000ec880000, 0x0000000100000000)
  eden space 25088K, 100% used [0x00000000eab00000,0x00000000ec380000,0x00000000ec380000)
  from space 1024K, 59% used [0x00000000ec400000,0x00000000ec497850,0x00000000ec500000)
  to   space 2560K, 0% used [0x00000000ec600000,0x00000000ec600000,0x00000000ec880000)
 ParOldGen       total 68608K, used 6874K [0x00000000c0000000, 0x00000000c4300000, 0x00000000eab00000)
  object space 68608K, 10% used [0x00000000c0000000,0x00000000c06b6a58,0x00000000c4300000)
 Metaspace       used 26731K, committed 27200K, reserved 1114112K
  class space    used 2581K, committed 2752K, reserved 1048576K
}
Event: 5.131 GC heap after
{Heap after GC invocations=7 (full 1):
 PSYoungGen      total 27136K, used 2542K [0x00000000eab00000, 0x00000000ec900000, 0x0000000100000000)
  eden space 24576K, 0% used [0x00000000eab00000,0x00000000eab00000,0x00000000ec300000)
  from space 2560K, 99% used [0x00000000ec600000,0x00000000ec87b9a0,0x00000000ec880000)
  to   space 3072K, 0% used [0x00000000ec300000,0x00000000ec300000,0x00000000ec600000)
 ParOldGen       total 68608K, used 6882K [0x00000000c0000000, 0x00000000c4300000, 0x00000000eab00000)
  object space 68608K, 10% used [0x00000000c0000000,0x00000000c06b8a58,0x00000000c4300000)
 Metaspace       used 26731K, committed 27200K, reserved 1114112K
  class space    used 2581K, committed 2752K, reserved 1048576K
}

Dll operation events (9 events):
Event: 0.013 Loaded shared library c:\Users\hp\.vscode\extensions\redhat.java-1.34.0-win32-x64\jre\17.0.12-win32-x86_64\bin\java.dll
Event: 0.379 Loaded shared library c:\Users\hp\.vscode\extensions\redhat.java-1.34.0-win32-x64\jre\17.0.12-win32-x86_64\bin\zip.dll
Event: 0.383 Loaded shared library C:\Users\hp\.vscode\extensions\redhat.java-1.34.0-win32-x64\jre\17.0.12-win32-x86_64\bin\instrument.dll
Event: 0.425 Loaded shared library C:\Users\hp\.vscode\extensions\redhat.java-1.34.0-win32-x64\jre\17.0.12-win32-x86_64\bin\net.dll
Event: 0.427 Loaded shared library C:\Users\hp\.vscode\extensions\redhat.java-1.34.0-win32-x64\jre\17.0.12-win32-x86_64\bin\nio.dll
Event: 0.448 Loaded shared library C:\Users\hp\.vscode\extensions\redhat.java-1.34.0-win32-x64\jre\17.0.12-win32-x86_64\bin\zip.dll
Event: 0.477 Loaded shared library C:\Users\hp\.vscode\extensions\redhat.java-1.34.0-win32-x64\jre\17.0.12-win32-x86_64\bin\jimage.dll
Event: 0.587 Loaded shared library c:\Users\hp\.vscode\extensions\redhat.java-1.34.0-win32-x64\jre\17.0.12-win32-x86_64\bin\verify.dll
Event: 2.600 Loaded shared library C:\Users\hp\AppData\Roaming\Code\User\globalStorage\redhat.java\1.34.0\config_ss_win\org.eclipse.equinox.launcher\org.eclipse.equinox.launcher.win32.win32.x86_64_1.2.1100.v20240722-2106\eclipse_11904.dll

Deoptimization events (20 events):
Event: 4.244 Thread 0x00000251afed8cd0 Uncommon trap: trap_request=0xffffffc6 fr.pc=0x000002519fff48a0 relative=0x0000000000001c80
Event: 4.244 Thread 0x00000251afed8cd0 Uncommon trap: reason=bimorphic_or_optimized_type_check action=maybe_recompile pc=0x000002519fff48a0 method=java.io.DataInputStream.readUnsignedShort()I @ 6 c2
Event: 4.244 Thread 0x00000251afed8cd0 DEOPT PACKING pc=0x000002519fff48a0 sp=0x0000006eecbf94b0
Event: 4.244 Thread 0x00000251afed8cd0 DEOPT UNPACKING pc=0x000002519f9e9ea3 sp=0x0000006eecbf9430 mode 2
Event: 4.244 Thread 0x00000251afed8cd0 Uncommon trap: trap_request=0xffffffc6 fr.pc=0x000002519fff48a0 relative=0x0000000000001c80
Event: 4.244 Thread 0x00000251afed8cd0 Uncommon trap: reason=bimorphic_or_optimized_type_check action=maybe_recompile pc=0x000002519fff48a0 method=java.io.DataInputStream.readUnsignedShort()I @ 6 c2
Event: 4.244 Thread 0x00000251afed8cd0 DEOPT PACKING pc=0x000002519fff48a0 sp=0x0000006eecbf94b0
Event: 4.244 Thread 0x00000251afed8cd0 DEOPT UNPACKING pc=0x000002519f9e9ea3 sp=0x0000006eecbf9430 mode 2
Event: 4.346 Thread 0x00000251afed8cd0 Uncommon trap: trap_request=0xffffff45 fr.pc=0x000002519ff77274 relative=0x0000000000000074
Event: 4.346 Thread 0x00000251afed8cd0 Uncommon trap: reason=unstable_if action=reinterpret pc=0x000002519ff77274 method=jdk.internal.misc.Unsafe.convEndian(ZJ)J @ 4 c2
Event: 4.346 Thread 0x00000251afed8cd0 DEOPT PACKING pc=0x000002519ff77274 sp=0x0000006eecbf7bc0
Event: 4.346 Thread 0x00000251afed8cd0 DEOPT UNPACKING pc=0x000002519f9e9ea3 sp=0x0000006eecbf7ae8 mode 2
Event: 4.371 Thread 0x00000251afed8cd0 Uncommon trap: trap_request=0xffffff45 fr.pc=0x000002519ff5f3c8 relative=0x0000000000000048
Event: 4.371 Thread 0x00000251afed8cd0 Uncommon trap: reason=unstable_if action=reinterpret pc=0x000002519ff5f3c8 method=java.lang.CharacterData.of(I)Ljava/lang/CharacterData; @ 4 c2
Event: 4.371 Thread 0x00000251afed8cd0 DEOPT PACKING pc=0x000002519ff5f3c8 sp=0x0000006eecbf8b30
Event: 4.371 Thread 0x00000251afed8cd0 DEOPT UNPACKING pc=0x000002519f9e9ea3 sp=0x0000006eecbf8ac8 mode 2
Event: 4.986 Thread 0x00000251afed8cd0 Uncommon trap: trap_request=0xffffff45 fr.pc=0x00000251a001d214 relative=0x00000000000001f4
Event: 4.986 Thread 0x00000251afed8cd0 Uncommon trap: reason=unstable_if action=reinterpret pc=0x00000251a001d214 method=org.lombokweb.asm.Label.resolve([BLorg/lombokweb/asm/ByteVector;I)Z @ 81 c2
Event: 4.986 Thread 0x00000251afed8cd0 DEOPT PACKING pc=0x00000251a001d214 sp=0x0000006eecbeec80
Event: 4.986 Thread 0x00000251afed8cd0 DEOPT UNPACKING pc=0x000002519f9e9ea3 sp=0x0000006eecbeebf0 mode 2

Classes loaded (20 events):
Event: 4.526 Loading class java/io/StringReader
Event: 4.526 Loading class java/io/StringReader done
Event: 4.534 Loading class java/util/zip/GZIPInputStream
Event: 4.535 Loading class java/util/zip/GZIPInputStream done
Event: 4.566 Loading class java/net/SocketTimeoutException
Event: 4.566 Loading class java/io/InterruptedIOException
Event: 4.566 Loading class java/io/InterruptedIOException done
Event: 4.566 Loading class java/net/SocketTimeoutException done
Event: 4.566 Loading class java/net/SocketException
Event: 4.566 Loading class java/net/SocketException done
Event: 4.566 Loading class java/net/UnknownHostException
Event: 4.566 Loading class java/net/UnknownHostException done
Event: 4.566 Loading class java/net/ProtocolException
Event: 4.566 Loading class java/net/ProtocolException done
Event: 4.604 Loading class java/lang/ThreadLocal$SuppliedThreadLocal
Event: 4.604 Loading class java/lang/ThreadLocal$SuppliedThreadLocal done
Event: 4.625 Loading class java/io/FileWriter
Event: 4.625 Loading class java/io/FileWriter done
Event: 4.721 Loading class java/lang/NegativeArraySizeException
Event: 4.721 Loading class java/lang/NegativeArraySizeException done

Classes unloaded (7 events):
Event: 4.445 Thread 0x00000251ae9b0c20 Unloading class 0x000000010021bc00 'java/lang/invoke/LambdaForm$MH+0x000000010021bc00'
Event: 4.445 Thread 0x00000251ae9b0c20 Unloading class 0x000000010021b800 'java/lang/invoke/LambdaForm$MH+0x000000010021b800'
Event: 4.445 Thread 0x00000251ae9b0c20 Unloading class 0x000000010021b400 'java/lang/invoke/LambdaForm$MH+0x000000010021b400'
Event: 4.445 Thread 0x00000251ae9b0c20 Unloading class 0x000000010021b000 'java/lang/invoke/LambdaForm$MH+0x000000010021b000'
Event: 4.445 Thread 0x00000251ae9b0c20 Unloading class 0x000000010021ac00 'java/lang/invoke/LambdaForm$BMH+0x000000010021ac00'
Event: 4.445 Thread 0x00000251ae9b0c20 Unloading class 0x000000010021a800 'java/lang/invoke/LambdaForm$DMH+0x000000010021a800'
Event: 4.445 Thread 0x00000251ae9b0c20 Unloading class 0x0000000100216400 'java/lang/invoke/LambdaForm$DMH+0x0000000100216400'

Classes redefined (0 events):
No events

Internal exceptions (20 events):
Event: 3.933 Thread 0x00000251afed8cd0 Exception <a 'java/lang/NoSuchMethodError'{0x00000000ec068260}: 'java.lang.Object java.lang.invoke.DirectMethodHandle$Holder.invokeStatic(java.lang.Object, java.lang.Object, java.lang.Object, java.lang.Object, int)'> (0x00000000ec068260) 
thrown [s\src\hotspot\share\interpreter\linkResolver.cpp, line 759]
Event: 3.936 Thread 0x00000251afed8cd0 Exception <a 'java/lang/NoSuchMethodError'{0x00000000ec074258}: 'java.lang.Object java.lang.invoke.DelegatingMethodHandle$Holder.reinvoke_L(java.lang.Object, java.lang.Object, java.lang.Object, java.lang.Object, int, int)'> (0x00000000ec074258) 
thrown [s\src\hotspot\share\interpreter\linkResolver.cpp, line 759]
Event: 3.938 Thread 0x00000251afed8cd0 Exception <a 'java/lang/NoSuchMethodError'{0x00000000ec088b50}: 'java.lang.Object java.lang.invoke.Invokers$Holder.invokeExact_MT(java.lang.Object, java.lang.Object, java.lang.Object, java.lang.Object)'> (0x00000000ec088b50) 
thrown [s\src\hotspot\share\interpreter\linkResolver.cpp, line 759]
Event: 4.062 Thread 0x00000251afed8cd0 Exception <a 'java/io/FileNotFoundException'{0x00000000ec1fc3f8}> (0x00000000ec1fc3f8) 
thrown [s\src\hotspot\share\prims\jni.cpp, line 516]
Event: 4.063 Thread 0x00000251afed8cd0 Exception <a 'java/io/FileNotFoundException'{0x00000000ec2038f8}> (0x00000000ec2038f8) 
thrown [s\src\hotspot\share\prims\jni.cpp, line 516]
Event: 4.246 Thread 0x00000251afed8cd0 Exception <a 'java/lang/NoSuchMethodError'{0x00000000eacfdda0}: 'java.lang.Object java.lang.invoke.DirectMethodHandle$Holder.newInvokeSpecial(java.lang.Object, java.lang.Object, java.lang.Object, java.lang.Object, java.lang.Object)'> (0x00000000eacfdda0) 
thrown [s\src\hotspot\share\interpreter\linkResolver.cpp, line 759]
Event: 4.293 Thread 0x00000251afed8cd0 Exception <a 'java/lang/NoSuchMethodError'{0x00000000eaddef48}: 'java.lang.Object java.lang.invoke.DirectMethodHandle$Holder.invokeSpecial(java.lang.Object, java.lang.Object, java.lang.Object, long, java.lang.Object)'> (0x00000000eaddef48) 
thrown [s\src\hotspot\share\interpreter\linkResolver.cpp, line 759]
Event: 4.294 Thread 0x00000251afed8cd0 Exception <a 'java/lang/NoSuchMethodError'{0x00000000eade7368}: 'java.lang.Object java.lang.invoke.DirectMethodHandle$Holder.newInvokeSpecial(java.lang.Object, java.lang.Object, java.lang.Object, long)'> (0x00000000eade7368) 
thrown [s\src\hotspot\share\interpreter\linkResolver.cpp, line 759]
Event: 4.295 Thread 0x00000251afed8cd0 Exception <a 'java/lang/NoSuchMethodError'{0x00000000eadeb908}: 'java.lang.Object java.lang.invoke.DirectMethodHandle$Holder.invokeSpecial(java.lang.Object, java.lang.Object, java.lang.Object, java.lang.Object, long)'> (0x00000000eadeb908) 
thrown [s\src\hotspot\share\interpreter\linkResolver.cpp, line 759]
Event: 4.295 Thread 0x00000251afed8cd0 Exception <a 'java/lang/NoSuchMethodError'{0x00000000eadef780}: 'java.lang.Object java.lang.invoke.Invokers$Holder.linkToTargetMethod(java.lang.Object, java.lang.Object, long, java.lang.Object)'> (0x00000000eadef780) 
thrown [s\src\hotspot\share\interpreter\linkResolver.cpp, line 759]
Event: 4.396 Thread 0x00000251afed8cd0 Exception <a 'java/lang/IncompatibleClassChangeError'{0x00000000eb091830}: Found class java.lang.Object, but interface was expected> (0x00000000eb091830) 
thrown [s\src\hotspot\share\interpreter\linkResolver.cpp, line 826]
Event: 4.398 Thread 0x00000251afed8cd0 Exception <a 'java/lang/NoSuchMethodError'{0x00000000eb0956c0}: 'java.lang.Object java.lang.invoke.DirectMethodHandle$Holder.invokeSpecial(java.lang.Object, java.lang.Object, java.lang.Object, int, java.lang.Object, java.lang.Object)'> (0x00000000eb0956c0) 
thrown [s\src\hotspot\share\interpreter\linkResolver.cpp, line 759]
Event: 4.399 Thread 0x00000251afed8cd0 Exception <a 'java/lang/NoSuchMethodError'{0x00000000eb0b2d80}: 'java.lang.Object java.lang.invoke.DirectMethodHandle$Holder.newInvokeSpecial(java.lang.Object, java.lang.Object, java.lang.Object, int, java.lang.Object)'> (0x00000000eb0b2d80) 
thrown [s\src\hotspot\share\interpreter\linkResolver.cpp, line 759]
Event: 4.399 Thread 0x00000251afed8cd0 Exception <a 'java/lang/NoSuchMethodError'{0x00000000eb0b71d8}: 'java.lang.Object java.lang.invoke.DirectMethodHandle$Holder.invokeSpecial(java.lang.Object, java.lang.Object, java.lang.Object, java.lang.Object, int, java.lang.Object)'> (0x00000000eb0b71d8) 
thrown [s\src\hotspot\share\interpreter\linkResolver.cpp, line 759]
Event: 4.404 Thread 0x00000251b02564c0 Exception <a 'java/lang/NoSuchMethodError'{0x00000000eae2a808}: 'java.lang.Object java.lang.invoke.DirectMethodHandle$Holder.invokeSpecial(java.lang.Object, java.lang.Object, int, java.lang.Object, java.lang.Object)'> (0x00000000eae2a808) 
thrown [s\src\hotspot\share\interpreter\linkResolver.cpp, line 759]
Event: 4.406 Thread 0x00000251b02564c0 Exception <a 'java/lang/NoSuchMethodError'{0x00000000eae31ed8}: 'java.lang.Object java.lang.invoke.DirectMethodHandle$Holder.newInvokeSpecial(java.lang.Object, java.lang.Object, int, java.lang.Object)'> (0x00000000eae31ed8) 
thrown [s\src\hotspot\share\interpreter\linkResolver.cpp, line 759]
Event: 4.406 Thread 0x00000251b02564c0 Exception <a 'java/lang/NoSuchMethodError'{0x00000000eae359e8}: 'java.lang.Object java.lang.invoke.DirectMethodHandle$Holder.invokeSpecial(java.lang.Object, java.lang.Object, java.lang.Object, int, java.lang.Object)'> (0x00000000eae359e8) 
thrown [s\src\hotspot\share\interpreter\linkResolver.cpp, line 759]
Event: 4.503 Thread 0x00000251afed8cd0 Exception <a 'java/lang/NoSuchMethodError'{0x00000000ead18348}: 'double java.lang.invoke.DirectMethodHandle$Holder.invokeStatic(java.lang.Object, java.lang.Object)'> (0x00000000ead18348) 
thrown [s\src\hotspot\share\interpreter\linkResolver.cpp, line 759]
Event: 4.504 Thread 0x00000251afed8cd0 Exception <a 'java/lang/NoSuchMethodError'{0x00000000ead1bc60}: 'double java.lang.invoke.DirectMethodHandle$Holder.invokeStaticInit(java.lang.Object, java.lang.Object)'> (0x00000000ead1bc60) 
thrown [s\src\hotspot\share\interpreter\linkResolver.cpp, line 759]
Event: 4.927 Thread 0x00000251afed8cd0 Exception <a 'java/lang/NoSuchMethodError'{0x00000000eadbdc00}: 'int java.lang.invoke.DirectMethodHandle$Holder.invokeStaticInit(java.lang.Object, java.lang.Object, java.lang.Object)'> (0x00000000eadbdc00) 
thrown [s\src\hotspot\share\interpreter\linkResolver.cpp, line 759]

VM Operations (20 events):
Event: 3.666 Executing VM operation: HandshakeAllThreads
Event: 3.667 Executing VM operation: HandshakeAllThreads done
Event: 3.925 Executing VM operation: HandshakeAllThreads
Event: 3.925 Executing VM operation: HandshakeAllThreads done
Event: 3.925 Executing VM operation: Cleanup
Event: 3.925 Executing VM operation: Cleanup done
Event: 4.137 Executing VM operation: ParallelGCFailedAllocation
Event: 4.142 Executing VM operation: ParallelGCFailedAllocation done
Event: 4.345 Executing VM operation: HandshakeAllThreads
Event: 4.345 Executing VM operation: HandshakeAllThreads done
Event: 4.373 Executing VM operation: HandshakeAllThreads
Event: 4.373 Executing VM operation: HandshakeAllThreads done
Event: 4.423 Executing VM operation: HandshakeAllThreads
Event: 4.423 Executing VM operation: HandshakeAllThreads done
Event: 4.437 Executing VM operation: CollectForMetadataAllocation
Event: 4.469 Executing VM operation: CollectForMetadataAllocation done
Event: 4.857 Executing VM operation: ParallelGCFailedAllocation
Event: 4.859 Executing VM operation: ParallelGCFailedAllocation done
Event: 5.129 Executing VM operation: ParallelGCFailedAllocation
Event: 5.131 Executing VM operation: ParallelGCFailedAllocation done

Events (20 events):
Event: 0.178 Thread 0x00000251a965ea40 Thread added: 0x00000251a965ea40
Event: 0.178 Thread 0x00000251ae9f9860 Thread added: 0x00000251ae9f9860
Event: 0.179 Thread 0x00000251aea39d80 Thread added: 0x00000251aea39d80
Event: 0.306 Thread 0x000002519581fe00 Thread added: 0x000002519581fe00
Event: 0.774 Thread 0x00000251af8ce980 Thread added: 0x00000251af8ce980
Event: 0.781 Thread 0x00000251af890810 Thread added: 0x00000251af890810
Event: 1.754 Thread 0x00000251af890810 Thread exited: 0x00000251af890810
Event: 1.893 Thread 0x00000251afd04ca0 Thread added: 0x00000251afd04ca0
Event: 2.203 Thread 0x00000251afe04de0 Thread added: 0x00000251afe04de0
Event: 2.589 Thread 0x00000251b01402e0 Thread added: 0x00000251b01402e0
Event: 2.594 Thread 0x00000251afed8cd0 Thread added: 0x00000251afed8cd0
Event: 2.710 Thread 0x00000251b014ae20 Thread added: 0x00000251b014ae20
Event: 2.912 Thread 0x00000251afd04ca0 Thread exited: 0x00000251afd04ca0
Event: 3.046 Thread 0x00000251b01a1fe0 Thread added: 0x00000251b01a1fe0
Event: 3.778 Thread 0x00000251b0257e10 Thread added: 0x00000251b0257e10
Event: 4.299 Thread 0x00000251b02564c0 Thread added: 0x00000251b02564c0
Event: 4.407 Thread 0x00000251b0255080 Thread added: 0x00000251b0255080
Event: 4.675 Thread 0x00000251b03c3070 Thread added: 0x00000251b03c3070
Event: 4.815 Thread 0x00000251b03c3070 Thread exited: 0x00000251b03c3070
Event: 5.027 Thread 0x00000251b07a6040 Thread added: 0x00000251b07a6040


Dynamic libraries:
0x00007ff66a670000 - 0x00007ff66a67e000 	c:\Users\hp\.vscode\extensions\redhat.java-1.34.0-win32-x64\jre\17.0.12-win32-x86_64\bin\java.exe
0x00007ffc7d1e0000 - 0x00007ffc7d3e7000 	C:\Windows\SYSTEM32\ntdll.dll
0x00007ffc7c770000 - 0x00007ffc7c82d000 	C:\Windows\System32\KERNEL32.DLL
0x00007ffc7a9b0000 - 0x00007ffc7ad22000 	C:\Windows\System32\KERNELBASE.dll
0x00007ffc7af90000 - 0x00007ffc7b0a1000 	C:\Windows\System32\ucrtbase.dll
0x00007ffc57a00000 - 0x00007ffc57a17000 	c:\Users\hp\.vscode\extensions\redhat.java-1.34.0-win32-x64\jre\17.0.12-win32-x86_64\bin\jli.dll
0x00007ffc7c090000 - 0x00007ffc7c23c000 	C:\Windows\System32\USER32.dll
0x00007ffc7aec0000 - 0x00007ffc7aee6000 	C:\Windows\System32\win32u.dll
0x00007ffc7d030000 - 0x00007ffc7d059000 	C:\Windows\System32\GDI32.dll
0x00007ffc7ada0000 - 0x00007ffc7aeb2000 	C:\Windows\System32\gdi32full.dll
0x00007ffc7aef0000 - 0x00007ffc7af8d000 	C:\Windows\System32\msvcp_win.dll
0x00007ffc56df0000 - 0x00007ffc56e0b000 	c:\Users\hp\.vscode\extensions\redhat.java-1.34.0-win32-x64\jre\17.0.12-win32-x86_64\bin\VCRUNTIME140.dll
0x00007ffc5c880000 - 0x00007ffc5cb25000 	C:\Windows\WinSxS\amd64_microsoft.windows.common-controls_6595b64144ccf1df_6.0.21996.1_none_7d6b053978bcd706\COMCTL32.dll
0x00007ffc7d080000 - 0x00007ffc7d123000 	C:\Windows\System32\msvcrt.dll
0x00007ffc7ce90000 - 0x00007ffc7cec1000 	C:\Windows\System32\IMM32.DLL
0x00007ffc6f620000 - 0x00007ffc6f62c000 	c:\Users\hp\.vscode\extensions\redhat.java-1.34.0-win32-x64\jre\17.0.12-win32-x86_64\bin\vcruntime140_1.dll
0x00007ffc3b390000 - 0x00007ffc3b41d000 	c:\Users\hp\.vscode\extensions\redhat.java-1.34.0-win32-x64\jre\17.0.12-win32-x86_64\bin\msvcp140.dll
0x00007ffc32b40000 - 0x00007ffc337aa000 	c:\Users\hp\.vscode\extensions\redhat.java-1.34.0-win32-x64\jre\17.0.12-win32-x86_64\bin\server\jvm.dll
0x00007ffc7cbb0000 - 0x00007ffc7cc5c000 	C:\Windows\System32\ADVAPI32.dll
0x00007ffc7c590000 - 0x00007ffc7c62d000 	C:\Windows\System32\sechost.dll
0x00007ffc7c630000 - 0x00007ffc7c751000 	C:\Windows\System32\RPCRT4.dll
0x00007ffc7ce20000 - 0x00007ffc7ce8f000 	C:\Windows\System32\WS2_32.dll
0x00007ffc799f0000 - 0x00007ffc79a3d000 	C:\Windows\SYSTEM32\POWRPROF.dll
0x00007ffc60f50000 - 0x00007ffc60f83000 	C:\Windows\SYSTEM32\WINMM.dll
0x00007ffc72350000 - 0x00007ffc7235a000 	C:\Windows\SYSTEM32\VERSION.dll
0x00007ffc799d0000 - 0x00007ffc799e3000 	C:\Windows\SYSTEM32\UMPDC.dll
0x00007ffc79880000 - 0x00007ffc79897000 	C:\Windows\SYSTEM32\kernel.appcore.dll
0x00007ffc6f600000 - 0x00007ffc6f60a000 	c:\Users\hp\.vscode\extensions\redhat.java-1.34.0-win32-x64\jre\17.0.12-win32-x86_64\bin\jimage.dll
0x00007ffc78070000 - 0x00007ffc78291000 	C:\Windows\SYSTEM32\DBGHELP.DLL
0x00007ffc583f0000 - 0x00007ffc58421000 	C:\Windows\SYSTEM32\dbgcore.DLL
0x00007ffc7a870000 - 0x00007ffc7a8f0000 	C:\Windows\System32\bcryptPrimitives.dll
0x00007ffc60e10000 - 0x00007ffc60e1e000 	c:\Users\hp\.vscode\extensions\redhat.java-1.34.0-win32-x64\jre\17.0.12-win32-x86_64\bin\instrument.dll
0x00007ffc47250000 - 0x00007ffc47275000 	c:\Users\hp\.vscode\extensions\redhat.java-1.34.0-win32-x64\jre\17.0.12-win32-x86_64\bin\java.dll
0x00007ffc565e0000 - 0x00007ffc565f8000 	c:\Users\hp\.vscode\extensions\redhat.java-1.34.0-win32-x64\jre\17.0.12-win32-x86_64\bin\zip.dll
0x00007ffc7b590000 - 0x00007ffc7bcf9000 	C:\Windows\System32\SHELL32.dll
0x00007ffc78880000 - 0x00007ffc790d8000 	C:\Windows\SYSTEM32\windows.storage.dll
0x00007ffc7c830000 - 0x00007ffc7cba5000 	C:\Windows\System32\combase.dll
0x00007ffc78710000 - 0x00007ffc78876000 	C:\Windows\SYSTEM32\wintypes.dll
0x00007ffc7c240000 - 0x00007ffc7c32a000 	C:\Windows\System32\SHCORE.dll
0x00007ffc7cfd0000 - 0x00007ffc7d02d000 	C:\Windows\System32\shlwapi.dll
0x00007ffc7a630000 - 0x00007ffc7a651000 	C:\Windows\SYSTEM32\profapi.dll
0x00007ffc504e0000 - 0x00007ffc504f9000 	C:\Users\hp\.vscode\extensions\redhat.java-1.34.0-win32-x64\jre\17.0.12-win32-x86_64\bin\net.dll
0x00007ffc74ec0000 - 0x00007ffc74fcc000 	C:\Windows\SYSTEM32\WINHTTP.dll
0x00007ffc79d30000 - 0x00007ffc79d97000 	C:\Windows\system32\mswsock.dll
0x00007ffc4de30000 - 0x00007ffc4de46000 	C:\Users\hp\.vscode\extensions\redhat.java-1.34.0-win32-x64\jre\17.0.12-win32-x86_64\bin\nio.dll
0x00007ffc5fa00000 - 0x00007ffc5fa10000 	c:\Users\hp\.vscode\extensions\redhat.java-1.34.0-win32-x64\jre\17.0.12-win32-x86_64\bin\verify.dll
0x00007ffc45350000 - 0x00007ffc45395000 	C:\Users\hp\AppData\Roaming\Code\User\globalStorage\redhat.java\1.34.0\config_ss_win\org.eclipse.equinox.launcher\org.eclipse.equinox.launcher.win32.win32.x86_64_1.2.1100.v20240722-2106\eclipse_11904.dll
0x00007ffc7c3e0000 - 0x00007ffc7c57a000 	C:\Windows\System32\ole32.dll

dbghelp: loaded successfully - version: 4.0.5 - missing functions: none
symbol engine: initialized successfully - sym options: 0x614 - pdb path: .;c:\Users\hp\.vscode\extensions\redhat.java-1.34.0-win32-x64\jre\17.0.12-win32-x86_64\bin;C:\Windows\SYSTEM32;C:\Windows\WinSxS\amd64_microsoft.windows.common-controls_6595b64144ccf1df_6.0.21996.1_none_7d6b053978bcd706;c:\Users\hp\.vscode\extensions\redhat.java-1.34.0-win32-x64\jre\17.0.12-win32-x86_64\bin\server;C:\Users\hp\AppData\Roaming\Code\User\globalStorage\redhat.java\1.34.0\config_ss_win\org.eclipse.equinox.launcher\org.eclipse.equinox.launcher.win32.win32.x86_64_1.2.1100.v20240722-2106

VM Arguments:
jvm_args: --add-modules=ALL-SYSTEM --add-opens=java.base/java.util=ALL-UNNAMED --add-opens=java.base/java.lang=ALL-UNNAMED --add-opens=java.base/sun.nio.fs=ALL-UNNAMED -Declipse.application=org.eclipse.jdt.ls.core.id1 -Dosgi.bundles.defaultStartLevel=4 -Declipse.product=org.eclipse.jdt.ls.core.product -Djava.import.generatesMetadataFilesAtProjectRoot=false -DDetectVMInstallationsJob.disabled=true -Dfile.encoding=utf8 -XX:+UseParallelGC -XX:GCTimeRatio=4 -XX:AdaptiveSizePolicyWeight=90 -Dsun.zip.disableMemoryMapping=true -Xmx1G -Xms100m -Xlog:disable -javaagent:c:\Users\hp\.vscode\extensions\redhat.java-1.34.0-win32-x64\lombok\lombok-1.18.33.jar 
java_command: c:\Users\hp\.vscode\extensions\redhat.java-1.34.0-win32-x64\server\plugins\org.eclipse.equinox.launcher_1.6.900.v20240613-2009.jar -configuration c:\Users\hp\AppData\Roaming\Code\User\globalStorage\redhat.java\1.34.0\config_ss_win -data c:\Users\hp\AppData\Roaming\Code\User\workspaceStorage\d35a6b306583b7b7db0f309dfb663d8a\redhat.java\ss_ws --pipe=\\.\pipe\lsp-4d0b994bab6d3ae7d52bcb5d998af7e2-sock
java_class_path (initial): c:\Users\hp\.vscode\extensions\redhat.java-1.34.0-win32-x64\server\plugins\org.eclipse.equinox.launcher_1.6.900.v20240613-2009.jar
Launcher Type: SUN_STANDARD

[Global flags]
    uintx AdaptiveSizePolicyWeight                 = 90                                        {product} {command line}
     intx CICompilerCount                          = 4                                         {product} {ergonomic}
    uintx GCTimeRatio                              = 4                                         {product} {command line}
   size_t InitialHeapSize                          = 104857600                                 {product} {command line}
   size_t MaxHeapSize                              = 1073741824                                {product} {command line}
   size_t MaxNewSize                               = 357564416                                 {product} {ergonomic}
   size_t MinHeapDeltaBytes                        = 524288                                    {product} {ergonomic}
   size_t MinHeapSize                              = 104857600                                 {product} {command line}
   size_t NewSize                                  = 34603008                                  {product} {ergonomic}
    uintx NonNMethodCodeHeapSize                   = 5839372                                {pd product} {ergonomic}
    uintx NonProfiledCodeHeapSize                  = 122909434                              {pd product} {ergonomic}
   size_t OldSize                                  = 70254592                                  {product} {ergonomic}
    uintx ProfiledCodeHeapSize                     = 122909434                              {pd product} {ergonomic}
    uintx ReservedCodeCacheSize                    = 251658240                              {pd product} {ergonomic}
     bool SegmentedCodeCache                       = true                                      {product} {ergonomic}
   size_t SoftMaxHeapSize                          = 1073741824                             {manageable} {ergonomic}
     bool UseCompressedClassPointers               = true                           {product lp64_product} {ergonomic}
     bool UseCompressedOops                        = true                           {product lp64_product} {ergonomic}
     bool UseLargePagesIndividualAllocation        = false                                  {pd product} {ergonomic}
     bool UseParallelGC                            = true                                      {product} {command line}

Logging:
Log output configuration:
 #0: stdout all=off uptime,level,tags
 #1: stderr all=off uptime,level,tags

Environment Variables:
PATH=C:\Program Files\Common Files\Oracle\Java\javapath;C:\Windows\system32;C:\Windows;C:\Windows\System32\Wbem;C:\Windows\System32\WindowsPowerShell\v1.0\;C:\Windows\System32\OpenSSH\;C:\Program Files\nodejs\;C:\Program Files\Git\cmd;C:\Program Files\Java\jdk-22\bin;C:\Users\hp\.cargo\bin;C:\Users\hp\AppData\Local\Programs\Python\Launcher\;C:\Users\hp\Downloads\kotlin-native-windows-x86_64-1.9.23\bin;C:\Users\hp\AppData\Local\Microsoft\WindowsApps;C:\Users\hp\AppData\Local\Programs\Microsoft VS Code\bin;D:\Yashvanth\MSY2\ucrt64\bin;D:\modelsim_ase\win32aloem;C:\Users\hp\AppData\Local\Programs\Python\Python312\Scripts;D:\Yashvanth\MSY2\ucrt64\bin;C:\Users\hp\AppData\Roaming\npm;C:\Program Files\JetBrains\IntelliJ IDEA Community Edition 2024.1\bin;;C:\Users\hp\AppData\Local\GitHubDesktop\bin
USERNAME=hp
OS=Windows_NT
PROCESSOR_IDENTIFIER=Intel64 Family 6 Model 140 Stepping 1, GenuineIntel
TMP=C:\Users\hp\AppData\Local\Temp
TEMP=C:\Users\hp\AppData\Local\Temp



Periodic native trim disabled


---------------  S Y S T E M  ---------------

OS:
 Windows 10 , 64 bit Build 21996 (10.0.21996.1)
OS uptime: 0 days 1:03 hours
Hyper-V role detected

CPU: total 8 (initial active 8) (4 cores per cpu, 2 threads per core) family 6 model 140 stepping 1 microcode 0x86, cx8, cmov, fxsr, ht, mmx, 3dnowpref, sse, sse2, sse3, ssse3, sse4.1, sse4.2, popcnt, lzcnt, tsc, tscinvbit, avx, avx2, aes, erms, clmul, bmi1, bmi2, adx, avx512f, avx512dq, avx512cd, avx512bw, avx512vl, sha, fma, vzeroupper, avx512_vpopcntdq, avx512_vpclmulqdq, avx512_vaes, avx512_vnni, clflush, clflushopt, clwb, avx512_vbmi2, avx512_vbmi, hv
Processor Information for processor 0
  Max Mhz: 2419, Current Mhz: 1007, Mhz Limit: 2419
Processor Information for processor 1
  Max Mhz: 2419, Current Mhz: 2419, Mhz Limit: 2419
Processor Information for processor 2
  Max Mhz: 2419, Current Mhz: 2419, Mhz Limit: 2419
Processor Information for processor 3
  Max Mhz: 2419, Current Mhz: 2419, Mhz Limit: 2419
Processor Information for processor 4
  Max Mhz: 2419, Current Mhz: 2419, Mhz Limit: 2419
Processor Information for processor 5
  Max Mhz: 2419, Current Mhz: 2419, Mhz Limit: 2419
Processor Information for processor 6
  Max Mhz: 2419, Current Mhz: 2419, Mhz Limit: 2419
Processor Information for processor 7
  Max Mhz: 2419, Current Mhz: 2419, Mhz Limit: 2419

Memory: 4k page, system-wide physical 7932M (770M free)
TotalPageFile size 7932M (AvailPageFile size 13M)
current process WorkingSet (physical memory assigned to process): 124M, peak: 124M
current process commit charge ("private bytes"): 232M, peak: 232M

vm_info: OpenJDK 64-Bit Server VM (17.0.12+7) for windows-amd64 JRE (17.0.12+7), built on Jul 16 2024 22:08:24 by "admin" with MS VC++ 16.10 / 16.11 (VS2019)

END.
